kernel_name = _Z12lud_diagonalPfii 
kernel_launch_uid = 1 

Kernel Average Power Data:
kernel_avg_power = 43.2486
gpu_avg_IBP, = 0.000804037
gpu_avg_DEBP, = 2.79142e-05
gpu_avg_ICP, = 0.0285577
gpu_avg_DCP, = 0.00290906
gpu_avg_TCP, = 0
gpu_avg_CCP, = 0
gpu_avg_SHRDP, = 0.0166189
gpu_avg_RFP, = 0.0216712
gpu_avg_INTP, = 0
gpu_avg_FPUP, = 0
gpu_avg_DPUP, = 0
gpu_avg_INT_MUL24P, = 0
gpu_avg_INT_MUL32P, = 0
gpu_avg_INT_MULP, = 0
gpu_avg_INT_DIVP, = 0
gpu_avg_FP_MULP, = 0
gpu_avg_FP_DIVP, = 0
gpu_avg_FP_SQRTP, = 0
gpu_avg_FP_LGP, = 0
gpu_avg_FP_SINP, = 0
gpu_avg_FP_EXP, = 0
gpu_avg_DP_MULP, = 0
gpu_avg_DP_DIVP, = 0
gpu_avg_TENSORP, = 0
gpu_avg_TEXP, = 0
gpu_avg_SCHEDP, = 0
gpu_avg_L2CP, = 0.00297026
gpu_avg_MCP, = 0.551922
gpu_avg_NOCP, = 0.00917137
gpu_avg_DRAMP, = 0.0186296
gpu_avg_PIPEP, = 2.43294e-05
gpu_avg_IDLE_COREP, = 9.37564
gpu_avg_CONSTP = 32.3252
gpu_avg_STATICP = 0.865905
gpu_avg_TOT_INST, = 67.8154
gpu_avg_FP_INT, = 0
gpu_avg_IC_H, = 33.3385
gpu_avg_IC_M, = 0.569231
gpu_avg_DC_RH, = 0
gpu_avg_DC_RM, = 0.492308
gpu_avg_DC_WH, = 0.461538
gpu_avg_DC_WM, = 3.03077
gpu_avg_TC_H, = 0
gpu_avg_TC_M, = 0
gpu_avg_CC_H, = 0
gpu_avg_CC_M, = 0
gpu_avg_SHRD_ACC, = 23
gpu_avg_REG_RD, = 3170.95
gpu_avg_REG_WR, = 1224.86
gpu_avg_NON_REG_OPs, = 0
gpu_avg_INT_ACC, = 0
gpu_avg_FPU_ACC, = 0
gpu_avg_DPU_ACC, = 0
gpu_avg_INT_MUL24_ACC, = 0
gpu_avg_INT_MUL32_ACC, = 0
gpu_avg_INT_MUL_ACC, = 0
gpu_avg_INT_DIV_ACC, = 0
gpu_avg_FP_MUL_ACC, = 0
gpu_avg_FP_DIV_ACC, = 0
gpu_avg_FP_SQRT_ACC, = 0
gpu_avg_FP_LG_ACC, = 0
gpu_avg_FP_SIN_ACC, = 0
gpu_avg_FP_EXP_ACC, = 0
gpu_avg_DP_MUL_ACC, = 0
gpu_avg_DP_DIV_ACC, = 0
gpu_avg_TENSOR_ACC, = 0
gpu_avg_TEX_ACC, = 0
gpu_avg_MEM_RD, = 2.27692
gpu_avg_MEM_WR, = 0
gpu_avg_MEM_PRE, = 0
gpu_avg_L2_RH, = 0.492308
gpu_avg_L2_RM, = 2.27692
gpu_avg_L2_WH, = 3.46154
gpu_avg_L2_WM, = 0
gpu_avg_NOC_A, = 10.7846
gpu_avg_PIPE_A, = 6.00573e-05
gpu_avg_IDLE_CORE_N, = 33.1539
gpu_avg_constant_power = 0
gpu_avg_threads_per_warp = 0
gpu_tot_TOT_INST, = 4408
gpu_tot_FP_INT, = 0
gpu_tot_IC_H, = 2167
gpu_tot_IC_M, = 37
gpu_tot_DC_RH, = 0
gpu_tot_DC_RM, = 32
gpu_tot_DC_WH, = 30
gpu_tot_DC_WM, = 197
gpu_tot_TC_H, = 0
gpu_tot_TC_M, = 0
gpu_tot_CC_H, = 0
gpu_tot_CC_M, = 0
gpu_tot_SHRD_ACC, = 1495
gpu_tot_REG_RD, = 206112
gpu_tot_REG_WR, = 79616
gpu_tot_NON_REG_OPs, = 0
gpu_tot_INT_ACC, = 0
gpu_tot_FPU_ACC, = 0
gpu_tot_DPU_ACC, = 0
gpu_tot_INT_MUL24_ACC, = 0
gpu_tot_INT_MUL32_ACC, = 0
gpu_tot_INT_MUL_ACC, = 0
gpu_tot_INT_DIV_ACC, = 0
gpu_tot_FP_MUL_ACC, = 0
gpu_tot_FP_DIV_ACC, = 0
gpu_tot_FP_SQRT_ACC, = 0
gpu_tot_FP_LG_ACC, = 0
gpu_tot_FP_SIN_ACC, = 0
gpu_tot_FP_EXP_ACC, = 0
gpu_tot_DP_MUL_ACC, = 0
gpu_tot_DP_DIV_ACC, = 0
gpu_tot_TENSOR_ACC, = 0
gpu_tot_TEX_ACC, = 0
gpu_tot_MEM_RD, = 148
gpu_tot_MEM_WR, = 0
gpu_tot_MEM_PRE, = 0
gpu_tot_L2_RH, = 32
gpu_tot_L2_RM, = 148
gpu_tot_L2_WH, = 225
gpu_tot_L2_WM, = 0
gpu_tot_NOC_A, = 701
gpu_tot_PIPE_A, = 0.00390372
gpu_tot_IDLE_CORE_N, = 2155
gpu_tot_constant_power = 0

Kernel Maximum Power Data:
kernel_max_power = 43.491
gpu_max_IBP, = 0.00159893
gpu_max_DEBP, = 6.70023e-05
gpu_max_ICP, = 0.0786126
gpu_max_DCP, = 0.0121317
gpu_max_TCP, = 0
gpu_max_CCP, = 0
gpu_max_SHRDP, = 0.0158964
gpu_max_RFP, = 0.0538901
gpu_max_INTP, = 0
gpu_max_FPUP, = 0
gpu_max_DPUP, = 0
gpu_max_INT_MUL24P, = 0
gpu_max_INT_MUL32P, = 0
gpu_max_INT_MULP, = 0
gpu_max_INT_DIVP, = 0
gpu_max_FP_MULP, = 0
gpu_max_FP_DIVP, = 0
gpu_max_FP_SQRTP, = 0
gpu_max_FP_LGP, = 0
gpu_max_FP_SINP, = 0
gpu_max_FP_EXP, = 0
gpu_max_DP_MULP, = 0
gpu_max_DP_DIVP, = 0
gpu_max_TENSORP, = 0
gpu_max_TEXP, = 0
gpu_max_SCHEDP, = 0
gpu_max_L2CP, = 0
gpu_max_MCP, = 0.555775
gpu_max_NOCP, = 0.0136066
gpu_max_DRAMP, = 0
gpu_max_PIPEP, = 4.23534e-05
gpu_max_IDLE_COREP, = 9.33212
gpu_max_CONSTP = 32.3252
gpu_max_STATICP = 1.02338
gpu_max_TOT_INST, = 192
gpu_max_FP_INT, = 0
gpu_max_IC_H, = 96
gpu_max_IC_M, = 1
gpu_max_DC_RH, = 0
gpu_max_DC_RM, = 0
gpu_max_DC_WH, = 0
gpu_max_DC_WM, = 15
gpu_max_TC_H, = 0
gpu_max_TC_M, = 0
gpu_max_CC_H, = 0
gpu_max_CC_M, = 0
gpu_max_SHRD_ACC, = 22
gpu_max_REG_RD, = 8096
gpu_max_REG_WR, = 2816
gpu_max_NON_REG_OPs, = 0
gpu_max_INT_ACC, = 0
gpu_max_FPU_ACC, = 0
gpu_max_DPU_ACC, = 0
gpu_max_INT_MUL24_ACC, = 0
gpu_max_INT_MUL32_ACC, = 0
gpu_max_INT_MUL_ACC, = 0
gpu_max_INT_DIV_ACC, = 0
gpu_max_FP_MUL_ACC, = 0
gpu_max_FP_DIV_ACC, = 0
gpu_max_FP_SQRT_ACC, = 0
gpu_max_FP_LG_ACC, = 0
gpu_max_FP_SIN_ACC, = 0
gpu_max_FP_EXP_ACC, = 0
gpu_max_DP_MUL_ACC, = 0
gpu_max_DP_DIV_ACC, = 0
gpu_max_TENSOR_ACC, = 0
gpu_max_TEX_ACC, = 0
gpu_max_MEM_RD, = 0
gpu_max_MEM_WR, = 0
gpu_max_MEM_PRE, = 0
gpu_max_L2_RH, = 0
gpu_max_L2_RM, = 0
gpu_max_L2_WH, = 0
gpu_max_L2_WM, = 0
gpu_max_NOC_A, = 16
gpu_max_PIPE_A, = 0.00010455
gpu_max_IDLE_CORE_N, = 33
gpu_max_constant_power = 0

Kernel Minimum Power Data:
kernel_min_power = 42.4904
gpu_min_IBP, = 0
gpu_min_DEBP, = 0
gpu_min_ICP, = 0
gpu_min_DCP, = 0
gpu_min_TCP, = 0
gpu_min_CCP, = 0
gpu_min_SHRDP, = 0
gpu_min_RFP, = 0
gpu_min_INTP, = 0
gpu_min_FPUP, = 0
gpu_min_DPUP, = 0
gpu_min_INT_MUL24P, = 0
gpu_min_INT_MUL32P, = 0
gpu_min_INT_MULP, = 0
gpu_min_INT_DIVP, = 0
gpu_min_FP_MULP, = 0
gpu_min_FP_DIVP, = 0
gpu_min_FP_SQRTP, = 0
gpu_min_FP_LGP, = 0
gpu_min_FP_SINP, = 0
gpu_min_FP_EXP, = 0
gpu_min_DP_MULP, = 0
gpu_min_DP_DIVP, = 0
gpu_min_TENSORP, = 0
gpu_min_TEXP, = 0
gpu_min_SCHEDP, = 0
gpu_min_L2CP, = 0
gpu_min_MCP, = 0.55022
gpu_min_NOCP, = 0
gpu_min_DRAMP, = 0
gpu_min_PIPEP, = 0
gpu_min_IDLE_COREP, = 9.61492
gpu_min_CONSTP = 32.3252
gpu_min_STATICP = 0
gpu_min_TOT_INST, = 0
gpu_min_FP_INT, = 0
gpu_min_IC_H, = 0
gpu_min_IC_M, = 0
gpu_min_DC_RH, = 0
gpu_min_DC_RM, = 0
gpu_min_DC_WH, = 0
gpu_min_DC_WM, = 0
gpu_min_TC_H, = 0
gpu_min_TC_M, = 0
gpu_min_CC_H, = 0
gpu_min_CC_M, = 0
gpu_min_SHRD_ACC, = 0
gpu_min_REG_RD, = 0
gpu_min_REG_WR, = 0
gpu_min_NON_REG_OPs, = 0
gpu_min_INT_ACC, = 0
gpu_min_FPU_ACC, = 0
gpu_min_DPU_ACC, = 0
gpu_min_INT_MUL24_ACC, = 0
gpu_min_INT_MUL32_ACC, = 0
gpu_min_INT_MUL_ACC, = 0
gpu_min_INT_DIV_ACC, = 0
gpu_min_FP_MUL_ACC, = 0
gpu_min_FP_DIV_ACC, = 0
gpu_min_FP_SQRT_ACC, = 0
gpu_min_FP_LG_ACC, = 0
gpu_min_FP_SIN_ACC, = 0
gpu_min_FP_EXP_ACC, = 0
gpu_min_DP_MUL_ACC, = 0
gpu_min_DP_DIV_ACC, = 0
gpu_min_TENSOR_ACC, = 0
gpu_min_TEX_ACC, = 0
gpu_min_MEM_RD, = 0
gpu_min_MEM_WR, = 0
gpu_min_MEM_PRE, = 0
gpu_min_L2_RH, = 0
gpu_min_L2_RM, = 0
gpu_min_L2_WH, = 0
gpu_min_L2_WM, = 0
gpu_min_NOC_A, = 0
gpu_min_PIPE_A, = 0
gpu_min_IDLE_CORE_N, = 34
gpu_min_constant_power = 0

Accumulative Power Statistics Over Previous Kernels:
gpu_tot_avg_power = 43.2486
gpu_tot_max_power = 43.491
gpu_tot_min_power = 42.4904


kernel_name = _Z13lud_perimeterPfii 
kernel_launch_uid = 2 

Kernel Average Power Data:
kernel_avg_power = 44.5928
gpu_avg_IBP, = 0.000549251
gpu_avg_DEBP, = 1.16633e-05
gpu_avg_ICP, = 0.0386879
gpu_avg_DCP, = 0.00350063
gpu_avg_TCP, = 0
gpu_avg_CCP, = 0
gpu_avg_SHRDP, = 0.0149171
gpu_avg_RFP, = 0.0183067
gpu_avg_INTP, = 0
gpu_avg_FPUP, = 0
gpu_avg_DPUP, = 0
gpu_avg_INT_MUL24P, = 0
gpu_avg_INT_MUL32P, = 0
gpu_avg_INT_MULP, = 0
gpu_avg_INT_DIVP, = 0
gpu_avg_FP_MULP, = 0
gpu_avg_FP_DIVP, = 0
gpu_avg_FP_SQRTP, = 0
gpu_avg_FP_LGP, = 0
gpu_avg_FP_SINP, = 0
gpu_avg_FP_EXP, = 0
gpu_avg_DP_MULP, = 0
gpu_avg_DP_DIVP, = 0
gpu_avg_TENSORP, = 0
gpu_avg_TEXP, = 0
gpu_avg_SCHEDP, = 0
gpu_avg_L2CP, = 0.0056169
gpu_avg_MCP, = 0.551827
gpu_avg_NOCP, = 0.0288133
gpu_avg_DRAMP, = 0.0325124
gpu_avg_PIPEP, = 6.38903e-05
gpu_avg_IDLE_COREP, = 8.88207
gpu_avg_CONSTP = 32.3252
gpu_avg_STATICP = 2.65206
gpu_avg_TOT_INST, = 44.1447
gpu_avg_FP_INT, = 0
gpu_avg_IC_H, = 17.6579
gpu_avg_IC_M, = 4.46053
gpu_avg_DC_RH, = 0
gpu_avg_DC_RM, = 3.78947
gpu_avg_DC_WH, = 1.89474
gpu_avg_DC_WM, = 0.171053
gpu_avg_TC_H, = 0
gpu_avg_TC_M, = 0
gpu_avg_CC_H, = 0
gpu_avg_CC_M, = 0
gpu_avg_SHRD_ACC, = 20.6447
gpu_avg_REG_RD, = 2526.32
gpu_avg_REG_WR, = 1200.84
gpu_avg_NON_REG_OPs, = 0
gpu_avg_INT_ACC, = 0
gpu_avg_FPU_ACC, = 0
gpu_avg_DPU_ACC, = 0
gpu_avg_INT_MUL24_ACC, = 0
gpu_avg_INT_MUL32_ACC, = 0
gpu_avg_INT_MUL_ACC, = 0
gpu_avg_INT_DIV_ACC, = 0
gpu_avg_FP_MUL_ACC, = 0
gpu_avg_FP_DIV_ACC, = 0
gpu_avg_FP_SQRT_ACC, = 0
gpu_avg_FP_LG_ACC, = 0
gpu_avg_FP_SIN_ACC, = 0
gpu_avg_FP_EXP_ACC, = 0
gpu_avg_DP_MUL_ACC, = 0
gpu_avg_DP_DIV_ACC, = 0
gpu_avg_TENSOR_ACC, = 0
gpu_avg_TEX_ACC, = 0
gpu_avg_MEM_RD, = 3.97368
gpu_avg_MEM_WR, = 0
gpu_avg_MEM_PRE, = 0
gpu_avg_L2_RH, = 17.6316
gpu_avg_L2_RM, = 4
gpu_avg_L2_WH, = 2.09211
gpu_avg_L2_WM, = 0
gpu_avg_NOC_A, = 33.8816
gpu_avg_PIPE_A, = 0.000157713
gpu_avg_IDLE_CORE_N, = 31.4085
gpu_avg_constant_power = 0
gpu_avg_threads_per_warp = 0
gpu_tot_TOT_INST, = 3355
gpu_tot_FP_INT, = 0
gpu_tot_IC_H, = 1342
gpu_tot_IC_M, = 339
gpu_tot_DC_RH, = 0
gpu_tot_DC_RM, = 288
gpu_tot_DC_WH, = 144
gpu_tot_DC_WM, = 13
gpu_tot_TC_H, = 0
gpu_tot_TC_M, = 0
gpu_tot_CC_H, = 0
gpu_tot_CC_M, = 0
gpu_tot_SHRD_ACC, = 1569
gpu_tot_REG_RD, = 192000
gpu_tot_REG_WR, = 91264
gpu_tot_NON_REG_OPs, = 0
gpu_tot_INT_ACC, = 0
gpu_tot_FPU_ACC, = 0
gpu_tot_DPU_ACC, = 0
gpu_tot_INT_MUL24_ACC, = 0
gpu_tot_INT_MUL32_ACC, = 0
gpu_tot_INT_MUL_ACC, = 0
gpu_tot_INT_DIV_ACC, = 0
gpu_tot_FP_MUL_ACC, = 0
gpu_tot_FP_DIV_ACC, = 0
gpu_tot_FP_SQRT_ACC, = 0
gpu_tot_FP_LG_ACC, = 0
gpu_tot_FP_SIN_ACC, = 0
gpu_tot_FP_EXP_ACC, = 0
gpu_tot_DP_MUL_ACC, = 0
gpu_tot_DP_DIV_ACC, = 0
gpu_tot_TENSOR_ACC, = 0
gpu_tot_TEX_ACC, = 0
gpu_tot_MEM_RD, = 302
gpu_tot_MEM_WR, = 0
gpu_tot_MEM_PRE, = 0
gpu_tot_L2_RH, = 1340
gpu_tot_L2_RM, = 304
gpu_tot_L2_WH, = 159
gpu_tot_L2_WM, = 0
gpu_tot_NOC_A, = 2575
gpu_tot_PIPE_A, = 0.0119862
gpu_tot_IDLE_CORE_N, = 2387.05
gpu_tot_constant_power = 0

Kernel Maximum Power Data:
kernel_max_power = 45.1047
gpu_max_IBP, = 0.00070069
gpu_max_DEBP, = 0
gpu_max_ICP, = 0.0715041
gpu_max_DCP, = 0.0503082
gpu_max_TCP, = 0
gpu_max_CCP, = 0
gpu_max_SHRDP, = 0
gpu_max_RFP, = 0.0331106
gpu_max_INTP, = 0
gpu_max_FPUP, = 0
gpu_max_DPUP, = 0
gpu_max_INT_MUL24P, = 0
gpu_max_INT_MUL32P, = 0
gpu_max_INT_MULP, = 0
gpu_max_INT_DIVP, = 0
gpu_max_FP_MULP, = 0
gpu_max_FP_DIVP, = 0
gpu_max_FP_SQRTP, = 0
gpu_max_FP_LGP, = 0
gpu_max_FP_SINP, = 0
gpu_max_FP_EXP, = 0
gpu_max_DP_MULP, = 0
gpu_max_DP_DIVP, = 0
gpu_max_TENSORP, = 0
gpu_max_TEXP, = 0
gpu_max_SCHEDP, = 0
gpu_max_L2CP, = 0.0195833
gpu_max_MCP, = 0.56078
gpu_max_NOCP, = 0.135216
gpu_max_DRAMP, = 0
gpu_max_PIPEP, = 0.000102765
gpu_max_IDLE_COREP, = 8.76654
gpu_max_CONSTP = 32.3252
gpu_max_STATICP = 3.07014
gpu_max_TOT_INST, = 72
gpu_max_FP_INT, = 0
gpu_max_IC_H, = 27
gpu_max_IC_M, = 9
gpu_max_DC_RH, = 0
gpu_max_DC_RM, = 60
gpu_max_DC_WH, = 0
gpu_max_DC_WM, = 0
gpu_max_TC_H, = 0
gpu_max_TC_M, = 0
gpu_max_CC_H, = 0
gpu_max_CC_M, = 0
gpu_max_SHRD_ACC, = 0
gpu_max_REG_RD, = 3744
gpu_max_REG_WR, = 3072
gpu_max_NON_REG_OPs, = 0
gpu_max_INT_ACC, = 0
gpu_max_FPU_ACC, = 0
gpu_max_DPU_ACC, = 0
gpu_max_INT_MUL24_ACC, = 0
gpu_max_INT_MUL32_ACC, = 0
gpu_max_INT_MUL_ACC, = 0
gpu_max_INT_DIV_ACC, = 0
gpu_max_FP_MUL_ACC, = 0
gpu_max_FP_DIV_ACC, = 0
gpu_max_FP_SQRT_ACC, = 0
gpu_max_FP_LG_ACC, = 0
gpu_max_FP_SIN_ACC, = 0
gpu_max_FP_EXP_ACC, = 0
gpu_max_DP_MUL_ACC, = 0
gpu_max_DP_DIV_ACC, = 0
gpu_max_TENSOR_ACC, = 0
gpu_max_TEX_ACC, = 0
gpu_max_MEM_RD, = 0
gpu_max_MEM_WR, = 0
gpu_max_MEM_PRE, = 0
gpu_max_L2_RH, = 90
gpu_max_L2_RM, = 0
gpu_max_L2_WH, = 0
gpu_max_L2_WM, = 0
gpu_max_NOC_A, = 159
gpu_max_PIPE_A, = 0.000253677
gpu_max_IDLE_CORE_N, = 31
gpu_max_constant_power = 0

Kernel Minimum Power Data:
kernel_min_power = 42.4904
gpu_min_IBP, = 0
gpu_min_DEBP, = 0
gpu_min_ICP, = 0
gpu_min_DCP, = 0
gpu_min_TCP, = 0
gpu_min_CCP, = 0
gpu_min_SHRDP, = 0
gpu_min_RFP, = 0
gpu_min_INTP, = 0
gpu_min_FPUP, = 0
gpu_min_DPUP, = 0
gpu_min_INT_MUL24P, = 0
gpu_min_INT_MUL32P, = 0
gpu_min_INT_MULP, = 0
gpu_min_INT_DIVP, = 0
gpu_min_FP_MULP, = 0
gpu_min_FP_DIVP, = 0
gpu_min_FP_SQRTP, = 0
gpu_min_FP_LGP, = 0
gpu_min_FP_SINP, = 0
gpu_min_FP_EXP, = 0
gpu_min_DP_MULP, = 0
gpu_min_DP_DIVP, = 0
gpu_min_TENSORP, = 0
gpu_min_TEXP, = 0
gpu_min_SCHEDP, = 0
gpu_min_L2CP, = 0
gpu_min_MCP, = 0.55022
gpu_min_NOCP, = 0
gpu_min_DRAMP, = 0
gpu_min_PIPEP, = 0
gpu_min_IDLE_COREP, = 9.61492
gpu_min_CONSTP = 32.3252
gpu_min_STATICP = 0
gpu_min_TOT_INST, = 0
gpu_min_FP_INT, = 0
gpu_min_IC_H, = 0
gpu_min_IC_M, = 0
gpu_min_DC_RH, = 0
gpu_min_DC_RM, = 0
gpu_min_DC_WH, = 0
gpu_min_DC_WM, = 0
gpu_min_TC_H, = 0
gpu_min_TC_M, = 0
gpu_min_CC_H, = 0
gpu_min_CC_M, = 0
gpu_min_SHRD_ACC, = 0
gpu_min_REG_RD, = 0
gpu_min_REG_WR, = 0
gpu_min_NON_REG_OPs, = 0
gpu_min_INT_ACC, = 0
gpu_min_FPU_ACC, = 0
gpu_min_DPU_ACC, = 0
gpu_min_INT_MUL24_ACC, = 0
gpu_min_INT_MUL32_ACC, = 0
gpu_min_INT_MUL_ACC, = 0
gpu_min_INT_DIV_ACC, = 0
gpu_min_FP_MUL_ACC, = 0
gpu_min_FP_DIV_ACC, = 0
gpu_min_FP_SQRT_ACC, = 0
gpu_min_FP_LG_ACC, = 0
gpu_min_FP_SIN_ACC, = 0
gpu_min_FP_EXP_ACC, = 0
gpu_min_DP_MUL_ACC, = 0
gpu_min_DP_DIV_ACC, = 0
gpu_min_TENSOR_ACC, = 0
gpu_min_TEX_ACC, = 0
gpu_min_MEM_RD, = 0
gpu_min_MEM_WR, = 0
gpu_min_MEM_PRE, = 0
gpu_min_L2_RH, = 0
gpu_min_L2_RM, = 0
gpu_min_L2_WH, = 0
gpu_min_L2_WM, = 0
gpu_min_NOC_A, = 0
gpu_min_PIPE_A, = 0
gpu_min_IDLE_CORE_N, = 34
gpu_min_constant_power = 0

Accumulative Power Statistics Over Previous Kernels:
gpu_tot_avg_power = 43.9732
gpu_tot_max_power = 45.1047
gpu_tot_min_power = 42.4904


kernel_name = _Z12lud_internalPfii 
kernel_launch_uid = 3 

Kernel Average Power Data:
kernel_avg_power = 45.3853
gpu_avg_IBP, = 0.00442553
gpu_avg_DEBP, = 0.000304154
gpu_avg_ICP, = 0.356989
gpu_avg_DCP, = 0.0520383
gpu_avg_TCP, = 0
gpu_avg_CCP, = 0
gpu_avg_SHRDP, = 0.0817528
gpu_avg_RFP, = 0.139962
gpu_avg_INTP, = 0
gpu_avg_FPUP, = 0
gpu_avg_DPUP, = 0
gpu_avg_INT_MUL24P, = 0
gpu_avg_INT_MUL32P, = 0
gpu_avg_INT_MULP, = 0
gpu_avg_INT_DIVP, = 0
gpu_avg_FP_MULP, = 0
gpu_avg_FP_DIVP, = 0
gpu_avg_FP_SQRTP, = 0
gpu_avg_FP_LGP, = 0
gpu_avg_FP_SINP, = 0
gpu_avg_FP_EXP, = 0
gpu_avg_DP_MULP, = 0
gpu_avg_DP_DIVP, = 0
gpu_avg_TENSORP, = 0
gpu_avg_TEXP, = 0
gpu_avg_SCHEDP, = 0
gpu_avg_L2CP, = 0.0203485
gpu_avg_MCP, = 0.561155
gpu_avg_NOCP, = 0.133211
gpu_avg_DRAMP, = 0.00116885
gpu_avg_PIPEP, = 0.000969248
gpu_avg_IDLE_COREP, = 8.95209
gpu_avg_CONSTP = 32.3252
gpu_avg_STATICP = 2.39866
gpu_avg_TOT_INST, = 331.929
gpu_avg_FP_INT, = 0
gpu_avg_IC_H, = 124.714
gpu_avg_IC_M, = 46.2857
gpu_avg_DC_RH, = 0
gpu_avg_DC_RM, = 61.7143
gpu_avg_DC_WH, = 3
gpu_avg_DC_WM, = 0
gpu_avg_TC_H, = 0
gpu_avg_TC_M, = 0
gpu_avg_CC_H, = 0
gpu_avg_CC_M, = 0
gpu_avg_SHRD_ACC, = 113.143
gpu_avg_REG_RD, = 17444.6
gpu_avg_REG_WR, = 11220.6
gpu_avg_NON_REG_OPs, = 0
gpu_avg_INT_ACC, = 0
gpu_avg_FPU_ACC, = 0
gpu_avg_DPU_ACC, = 0
gpu_avg_INT_MUL24_ACC, = 0
gpu_avg_INT_MUL32_ACC, = 0
gpu_avg_INT_MUL_ACC, = 0
gpu_avg_INT_DIV_ACC, = 0
gpu_avg_FP_MUL_ACC, = 0
gpu_avg_FP_DIV_ACC, = 0
gpu_avg_FP_SQRT_ACC, = 0
gpu_avg_FP_LG_ACC, = 0
gpu_avg_FP_SIN_ACC, = 0
gpu_avg_FP_EXP_ACC, = 0
gpu_avg_DP_MUL_ACC, = 0
gpu_avg_DP_DIV_ACC, = 0
gpu_avg_TENSOR_ACC, = 0
gpu_avg_TEX_ACC, = 0
gpu_avg_MEM_RD, = 0.142857
gpu_avg_MEM_WR, = 0
gpu_avg_MEM_PRE, = 0
gpu_avg_L2_RH, = 82.2857
gpu_avg_L2_RM, = 0
gpu_avg_L2_WH, = 3
gpu_avg_L2_WM, = 0
gpu_avg_NOC_A, = 156.643
gpu_avg_PIPE_A, = 0.00239259
gpu_avg_IDLE_CORE_N, = 31.6561
gpu_avg_constant_power = 0
gpu_avg_threads_per_warp = 0
gpu_tot_TOT_INST, = 4647
gpu_tot_FP_INT, = 0
gpu_tot_IC_H, = 1746
gpu_tot_IC_M, = 648
gpu_tot_DC_RH, = 0
gpu_tot_DC_RM, = 864
gpu_tot_DC_WH, = 42
gpu_tot_DC_WM, = 0
gpu_tot_TC_H, = 0
gpu_tot_TC_M, = 0
gpu_tot_CC_H, = 0
gpu_tot_CC_M, = 0
gpu_tot_SHRD_ACC, = 1584
gpu_tot_REG_RD, = 244224
gpu_tot_REG_WR, = 157088
gpu_tot_NON_REG_OPs, = 0
gpu_tot_INT_ACC, = 0
gpu_tot_FPU_ACC, = 0
gpu_tot_DPU_ACC, = 0
gpu_tot_INT_MUL24_ACC, = 0
gpu_tot_INT_MUL32_ACC, = 0
gpu_tot_INT_MUL_ACC, = 0
gpu_tot_INT_DIV_ACC, = 0
gpu_tot_FP_MUL_ACC, = 0
gpu_tot_FP_DIV_ACC, = 0
gpu_tot_FP_SQRT_ACC, = 0
gpu_tot_FP_LG_ACC, = 0
gpu_tot_FP_SIN_ACC, = 0
gpu_tot_FP_EXP_ACC, = 0
gpu_tot_DP_MUL_ACC, = 0
gpu_tot_DP_DIV_ACC, = 0
gpu_tot_TENSOR_ACC, = 0
gpu_tot_TEX_ACC, = 0
gpu_tot_MEM_RD, = 2
gpu_tot_MEM_WR, = 0
gpu_tot_MEM_PRE, = 0
gpu_tot_L2_RH, = 1152
gpu_tot_L2_RM, = 0
gpu_tot_L2_WH, = 42
gpu_tot_L2_WM, = 0
gpu_tot_NOC_A, = 2193
gpu_tot_PIPE_A, = 0.0334963
gpu_tot_IDLE_CORE_N, = 443.186
gpu_tot_constant_power = 0

Kernel Maximum Power Data:
kernel_max_power = 55.3804
gpu_max_IBP, = 0.0335359
gpu_max_DEBP, = 0.00249155
gpu_max_ICP, = 1.59519
gpu_max_DCP, = 0.241479
gpu_max_TCP, = 0
gpu_max_CCP, = 0
gpu_max_SHRDP, = 0.758691
gpu_max_RFP, = 0.643504
gpu_max_INTP, = 0
gpu_max_FPUP, = 0
gpu_max_DPUP, = 0
gpu_max_INT_MUL24P, = 0
gpu_max_INT_MUL32P, = 0
gpu_max_INT_MULP, = 0
gpu_max_INT_DIVP, = 0
gpu_max_FP_MULP, = 0
gpu_max_FP_DIVP, = 0
gpu_max_FP_SQRTP, = 0
gpu_max_FP_LGP, = 0
gpu_max_FP_SINP, = 0
gpu_max_FP_EXP, = 0
gpu_max_DP_MULP, = 0
gpu_max_DP_DIVP, = 0
gpu_max_TENSORP, = 0
gpu_max_TEXP, = 0
gpu_max_SCHEDP, = 0
gpu_max_L2CP, = 0.209976
gpu_max_MCP, = 0.600911
gpu_max_NOCP, = 1.08938
gpu_max_DRAMP, = 0
gpu_max_PIPEP, = 0.00458124
gpu_max_IDLE_COREP, = 7.06979
gpu_max_CONSTP = 32.3252
gpu_max_STATICP = 9.21042
gpu_max_TOT_INST, = 1702
gpu_max_FP_INT, = 0
gpu_max_IC_H, = 638
gpu_max_IC_M, = 196
gpu_max_DC_RH, = 0
gpu_max_DC_RM, = 288
gpu_max_DC_WH, = 0
gpu_max_DC_WM, = 0
gpu_max_TC_H, = 0
gpu_max_TC_M, = 0
gpu_max_CC_H, = 0
gpu_max_CC_M, = 0
gpu_max_SHRD_ACC, = 1050
gpu_max_REG_RD, = 71584
gpu_max_REG_WR, = 60992
gpu_max_NON_REG_OPs, = 0
gpu_max_INT_ACC, = 0
gpu_max_FPU_ACC, = 0
gpu_max_DPU_ACC, = 0
gpu_max_INT_MUL24_ACC, = 0
gpu_max_INT_MUL32_ACC, = 0
gpu_max_INT_MUL_ACC, = 0
gpu_max_INT_DIV_ACC, = 0
gpu_max_FP_MUL_ACC, = 0
gpu_max_FP_DIV_ACC, = 0
gpu_max_FP_SQRT_ACC, = 0
gpu_max_FP_LG_ACC, = 0
gpu_max_FP_SIN_ACC, = 0
gpu_max_FP_EXP_ACC, = 0
gpu_max_DP_MUL_ACC, = 0
gpu_max_DP_DIV_ACC, = 0
gpu_max_TENSOR_ACC, = 0
gpu_max_TEX_ACC, = 0
gpu_max_MEM_RD, = 0
gpu_max_MEM_WR, = 0
gpu_max_MEM_PRE, = 0
gpu_max_L2_RH, = 965
gpu_max_L2_RM, = 0
gpu_max_L2_WH, = 0
gpu_max_L2_WM, = 0
gpu_max_NOC_A, = 1281
gpu_max_PIPE_A, = 0.0113088
gpu_max_IDLE_CORE_N, = 25
gpu_max_constant_power = 0

Kernel Minimum Power Data:
kernel_min_power = 42.4904
gpu_min_IBP, = 0
gpu_min_DEBP, = 0
gpu_min_ICP, = 0
gpu_min_DCP, = 0
gpu_min_TCP, = 0
gpu_min_CCP, = 0
gpu_min_SHRDP, = 0
gpu_min_RFP, = 0
gpu_min_INTP, = 0
gpu_min_FPUP, = 0
gpu_min_DPUP, = 0
gpu_min_INT_MUL24P, = 0
gpu_min_INT_MUL32P, = 0
gpu_min_INT_MULP, = 0
gpu_min_INT_DIVP, = 0
gpu_min_FP_MULP, = 0
gpu_min_FP_DIVP, = 0
gpu_min_FP_SQRTP, = 0
gpu_min_FP_LGP, = 0
gpu_min_FP_SINP, = 0
gpu_min_FP_EXP, = 0
gpu_min_DP_MULP, = 0
gpu_min_DP_DIVP, = 0
gpu_min_TENSORP, = 0
gpu_min_TEXP, = 0
gpu_min_SCHEDP, = 0
gpu_min_L2CP, = 0
gpu_min_MCP, = 0.55022
gpu_min_NOCP, = 0
gpu_min_DRAMP, = 0
gpu_min_PIPEP, = 0
gpu_min_IDLE_COREP, = 9.61492
gpu_min_CONSTP = 32.3252
gpu_min_STATICP = 0
gpu_min_TOT_INST, = 0
gpu_min_FP_INT, = 0
gpu_min_IC_H, = 0
gpu_min_IC_M, = 0
gpu_min_DC_RH, = 0
gpu_min_DC_RM, = 0
gpu_min_DC_WH, = 0
gpu_min_DC_WM, = 0
gpu_min_TC_H, = 0
gpu_min_TC_M, = 0
gpu_min_CC_H, = 0
gpu_min_CC_M, = 0
gpu_min_SHRD_ACC, = 0
gpu_min_REG_RD, = 0
gpu_min_REG_WR, = 0
gpu_min_NON_REG_OPs, = 0
gpu_min_INT_ACC, = 0
gpu_min_FPU_ACC, = 0
gpu_min_DPU_ACC, = 0
gpu_min_INT_MUL24_ACC, = 0
gpu_min_INT_MUL32_ACC, = 0
gpu_min_INT_MUL_ACC, = 0
gpu_min_INT_DIV_ACC, = 0
gpu_min_FP_MUL_ACC, = 0
gpu_min_FP_DIV_ACC, = 0
gpu_min_FP_SQRT_ACC, = 0
gpu_min_FP_LG_ACC, = 0
gpu_min_FP_SIN_ACC, = 0
gpu_min_FP_EXP_ACC, = 0
gpu_min_DP_MUL_ACC, = 0
gpu_min_DP_DIV_ACC, = 0
gpu_min_TENSOR_ACC, = 0
gpu_min_TEX_ACC, = 0
gpu_min_MEM_RD, = 0
gpu_min_MEM_WR, = 0
gpu_min_MEM_PRE, = 0
gpu_min_L2_RH, = 0
gpu_min_L2_RM, = 0
gpu_min_L2_WH, = 0
gpu_min_L2_WM, = 0
gpu_min_NOC_A, = 0
gpu_min_PIPE_A, = 0
gpu_min_IDLE_CORE_N, = 34
gpu_min_constant_power = 0

Accumulative Power Statistics Over Previous Kernels:
gpu_tot_avg_power = 44.1007
gpu_tot_max_power = 55.3804
gpu_tot_min_power = 42.4904


kernel_name = _Z12lud_diagonalPfii 
kernel_launch_uid = 4 

Kernel Average Power Data:
kernel_avg_power = 43.3182
gpu_avg_IBP, = 0.00106238
gpu_avg_DEBP, = 4.26644e-05
gpu_avg_ICP, = 0.0347892
gpu_avg_DCP, = 0.00384964
gpu_avg_TCP, = 0
gpu_avg_CCP, = 0
gpu_avg_SHRDP, = 0.0190834
gpu_avg_RFP, = 0.0283345
gpu_avg_INTP, = 0
gpu_avg_FPUP, = 0
gpu_avg_DPUP, = 0
gpu_avg_INT_MUL24P, = 0
gpu_avg_INT_MUL32P, = 0
gpu_avg_INT_MULP, = 0
gpu_avg_INT_DIVP, = 0
gpu_avg_FP_MULP, = 0
gpu_avg_FP_DIVP, = 0
gpu_avg_FP_SQRTP, = 0
gpu_avg_FP_LGP, = 0
gpu_avg_FP_SINP, = 0
gpu_avg_FP_EXP, = 0
gpu_avg_DP_MULP, = 0
gpu_avg_DP_DIVP, = 0
gpu_avg_TENSORP, = 0
gpu_avg_TEXP, = 0
gpu_avg_SCHEDP, = 0
gpu_avg_L2CP, = 0.00830161
gpu_avg_MCP, = 0.551691
gpu_avg_NOCP, = 0.0199088
gpu_avg_DRAMP, = 0
gpu_avg_PIPEP, = 5.11549e-05
gpu_avg_IDLE_COREP, = 9.35674
gpu_avg_CONSTP = 32.3252
gpu_avg_STATICP = 0.934309
gpu_avg_TOT_INST, = 85.6071
gpu_avg_FP_INT, = 0
gpu_avg_IC_H, = 40.8571
gpu_avg_IC_M, = 0.660714
gpu_avg_DC_RH, = 0
gpu_avg_DC_RM, = 0.571429
gpu_avg_DC_WH, = 5.67857
gpu_avg_DC_WM, = 3.48214
gpu_avg_TC_H, = 0
gpu_avg_TC_M, = 0
gpu_avg_CC_H, = 0
gpu_avg_CC_M, = 0
gpu_avg_SHRD_ACC, = 26.4107
gpu_avg_REG_RD, = 4177.14
gpu_avg_REG_WR, = 1567.43
gpu_avg_NON_REG_OPs, = 0
gpu_avg_INT_ACC, = 0
gpu_avg_FPU_ACC, = 0
gpu_avg_DPU_ACC, = 0
gpu_avg_INT_MUL24_ACC, = 0
gpu_avg_INT_MUL32_ACC, = 0
gpu_avg_INT_MUL_ACC, = 0
gpu_avg_INT_DIV_ACC, = 0
gpu_avg_FP_MUL_ACC, = 0
gpu_avg_FP_DIV_ACC, = 0
gpu_avg_FP_SQRT_ACC, = 0
gpu_avg_FP_LG_ACC, = 0
gpu_avg_FP_SIN_ACC, = 0
gpu_avg_FP_EXP_ACC, = 0
gpu_avg_DP_MUL_ACC, = 0
gpu_avg_DP_DIV_ACC, = 0
gpu_avg_TENSOR_ACC, = 0
gpu_avg_TEX_ACC, = 0
gpu_avg_MEM_RD, = 0
gpu_avg_MEM_WR, = 0
gpu_avg_MEM_PRE, = 0
gpu_avg_L2_RH, = 3.85714
gpu_avg_L2_RM, = 0
gpu_avg_L2_WH, = 9.16071
gpu_avg_L2_WM, = 0
gpu_avg_NOC_A, = 23.4107
gpu_avg_PIPE_A, = 0.000126276
gpu_avg_IDLE_CORE_N, = 33.087
gpu_avg_constant_power = 0
gpu_avg_threads_per_warp = 0
gpu_tot_TOT_INST, = 4794
gpu_tot_FP_INT, = 0
gpu_tot_IC_H, = 2288
gpu_tot_IC_M, = 37
gpu_tot_DC_RH, = 0
gpu_tot_DC_RM, = 32
gpu_tot_DC_WH, = 318
gpu_tot_DC_WM, = 195
gpu_tot_TC_H, = 0
gpu_tot_TC_M, = 0
gpu_tot_CC_H, = 0
gpu_tot_CC_M, = 0
gpu_tot_SHRD_ACC, = 1479
gpu_tot_REG_RD, = 233920
gpu_tot_REG_WR, = 87776
gpu_tot_NON_REG_OPs, = 0
gpu_tot_INT_ACC, = 0
gpu_tot_FPU_ACC, = 0
gpu_tot_DPU_ACC, = 0
gpu_tot_INT_MUL24_ACC, = 0
gpu_tot_INT_MUL32_ACC, = 0
gpu_tot_INT_MUL_ACC, = 0
gpu_tot_INT_DIV_ACC, = 0
gpu_tot_FP_MUL_ACC, = 0
gpu_tot_FP_DIV_ACC, = 0
gpu_tot_FP_SQRT_ACC, = 0
gpu_tot_FP_LG_ACC, = 0
gpu_tot_FP_SIN_ACC, = 0
gpu_tot_FP_EXP_ACC, = 0
gpu_tot_DP_MUL_ACC, = 0
gpu_tot_DP_DIV_ACC, = 0
gpu_tot_TENSOR_ACC, = 0
gpu_tot_TEX_ACC, = 0
gpu_tot_MEM_RD, = 0
gpu_tot_MEM_WR, = 0
gpu_tot_MEM_PRE, = 0
gpu_tot_L2_RH, = 216
gpu_tot_L2_RM, = 0
gpu_tot_L2_WH, = 513
gpu_tot_L2_WM, = 0
gpu_tot_NOC_A, = 1311
gpu_tot_PIPE_A, = 0.00707146
gpu_tot_IDLE_CORE_N, = 1852.87
gpu_tot_constant_power = 0

Kernel Maximum Power Data:
kernel_max_power = 48.0179
gpu_max_IBP, = 0.00768727
gpu_max_DEBP, = 0.000607313
gpu_max_ICP, = 0.109421
gpu_max_DCP, = 0.0281087
gpu_max_TCP, = 0
gpu_max_CCP, = 0
gpu_max_SHRDP, = 0
gpu_max_RFP, = 0.193809
gpu_max_INTP, = 0
gpu_max_FPUP, = 0
gpu_max_DPUP, = 0
gpu_max_INT_MUL24P, = 0
gpu_max_INT_MUL32P, = 0
gpu_max_INT_MULP, = 0
gpu_max_INT_DIVP, = 0
gpu_max_FP_MULP, = 0
gpu_max_FP_DIVP, = 0
gpu_max_FP_SQRTP, = 0
gpu_max_FP_LGP, = 0
gpu_max_FP_SINP, = 0
gpu_max_FP_EXP, = 0
gpu_max_DP_MULP, = 0
gpu_max_DP_DIVP, = 0
gpu_max_TENSORP, = 0
gpu_max_TEXP, = 0
gpu_max_SCHEDP, = 0
gpu_max_L2CP, = 0.242438
gpu_max_MCP, = 0.554321
gpu_max_NOCP, = 0.520452
gpu_max_DRAMP, = 0
gpu_max_PIPEP, = 0.0012868
gpu_max_IDLE_COREP, = 7.96907
gpu_max_CONSTP = 32.3252
gpu_max_STATICP = 5.95607
gpu_max_TOT_INST, = 432
gpu_max_FP_INT, = 0
gpu_max_IC_H, = 144
gpu_max_IC_M, = 0
gpu_max_DC_RH, = 0
gpu_max_DC_RM, = 0
gpu_max_DC_WH, = 288
gpu_max_DC_WM, = 0
gpu_max_TC_H, = 0
gpu_max_TC_M, = 0
gpu_max_CC_H, = 0
gpu_max_CC_M, = 0
gpu_max_SHRD_ACC, = 0
gpu_max_REG_RD, = 29952
gpu_max_REG_WR, = 9216
gpu_max_NON_REG_OPs, = 0
gpu_max_INT_ACC, = 0
gpu_max_FPU_ACC, = 0
gpu_max_DPU_ACC, = 0
gpu_max_INT_MUL24_ACC, = 0
gpu_max_INT_MUL32_ACC, = 0
gpu_max_INT_MUL_ACC, = 0
gpu_max_INT_DIV_ACC, = 0
gpu_max_FP_MUL_ACC, = 0
gpu_max_FP_DIV_ACC, = 0
gpu_max_FP_SQRT_ACC, = 0
gpu_max_FP_LG_ACC, = 0
gpu_max_FP_SIN_ACC, = 0
gpu_max_FP_EXP_ACC, = 0
gpu_max_DP_MUL_ACC, = 0
gpu_max_DP_DIV_ACC, = 0
gpu_max_TENSOR_ACC, = 0
gpu_max_TEX_ACC, = 0
gpu_max_MEM_RD, = 0
gpu_max_MEM_WR, = 0
gpu_max_MEM_PRE, = 0
gpu_max_L2_RH, = 36
gpu_max_L2_RM, = 0
gpu_max_L2_WH, = 288
gpu_max_L2_WM, = 0
gpu_max_NOC_A, = 612
gpu_max_PIPE_A, = 0.00317647
gpu_max_IDLE_CORE_N, = 28.18
gpu_max_constant_power = 0

Kernel Minimum Power Data:
kernel_min_power = 42.4904
gpu_min_IBP, = 0
gpu_min_DEBP, = 0
gpu_min_ICP, = 0
gpu_min_DCP, = 0
gpu_min_TCP, = 0
gpu_min_CCP, = 0
gpu_min_SHRDP, = 0
gpu_min_RFP, = 0
gpu_min_INTP, = 0
gpu_min_FPUP, = 0
gpu_min_DPUP, = 0
gpu_min_INT_MUL24P, = 0
gpu_min_INT_MUL32P, = 0
gpu_min_INT_MULP, = 0
gpu_min_INT_DIVP, = 0
gpu_min_FP_MULP, = 0
gpu_min_FP_DIVP, = 0
gpu_min_FP_SQRTP, = 0
gpu_min_FP_LGP, = 0
gpu_min_FP_SINP, = 0
gpu_min_FP_EXP, = 0
gpu_min_DP_MULP, = 0
gpu_min_DP_DIVP, = 0
gpu_min_TENSORP, = 0
gpu_min_TEXP, = 0
gpu_min_SCHEDP, = 0
gpu_min_L2CP, = 0
gpu_min_MCP, = 0.55022
gpu_min_NOCP, = 0
gpu_min_DRAMP, = 0
gpu_min_PIPEP, = 0
gpu_min_IDLE_COREP, = 9.61492
gpu_min_CONSTP = 32.3252
gpu_min_STATICP = 0
gpu_min_TOT_INST, = 0
gpu_min_FP_INT, = 0
gpu_min_IC_H, = 0
gpu_min_IC_M, = 0
gpu_min_DC_RH, = 0
gpu_min_DC_RM, = 0
gpu_min_DC_WH, = 0
gpu_min_DC_WM, = 0
gpu_min_TC_H, = 0
gpu_min_TC_M, = 0
gpu_min_CC_H, = 0
gpu_min_CC_M, = 0
gpu_min_SHRD_ACC, = 0
gpu_min_REG_RD, = 0
gpu_min_REG_WR, = 0
gpu_min_NON_REG_OPs, = 0
gpu_min_INT_ACC, = 0
gpu_min_FPU_ACC, = 0
gpu_min_DPU_ACC, = 0
gpu_min_INT_MUL24_ACC, = 0
gpu_min_INT_MUL32_ACC, = 0
gpu_min_INT_MUL_ACC, = 0
gpu_min_INT_DIV_ACC, = 0
gpu_min_FP_MUL_ACC, = 0
gpu_min_FP_DIV_ACC, = 0
gpu_min_FP_SQRT_ACC, = 0
gpu_min_FP_LG_ACC, = 0
gpu_min_FP_SIN_ACC, = 0
gpu_min_FP_EXP_ACC, = 0
gpu_min_DP_MUL_ACC, = 0
gpu_min_DP_DIV_ACC, = 0
gpu_min_TENSOR_ACC, = 0
gpu_min_TEX_ACC, = 0
gpu_min_MEM_RD, = 0
gpu_min_MEM_WR, = 0
gpu_min_MEM_PRE, = 0
gpu_min_L2_RH, = 0
gpu_min_L2_RM, = 0
gpu_min_L2_WH, = 0
gpu_min_L2_WM, = 0
gpu_min_NOC_A, = 0
gpu_min_PIPE_A, = 0
gpu_min_IDLE_CORE_N, = 34
gpu_min_constant_power = 0

Accumulative Power Statistics Over Previous Kernels:
gpu_tot_avg_power = 43.893
gpu_tot_max_power = 55.3804
gpu_tot_min_power = 42.4904


kernel_name = _Z13lud_perimeterPfii 
kernel_launch_uid = 5 

Kernel Average Power Data:
kernel_avg_power = 43.8401
gpu_avg_IBP, = 0.000492377
gpu_avg_DEBP, = 1.07289e-05
gpu_avg_ICP, = 0.0342723
gpu_avg_DCP, = 0.00316316
gpu_avg_TCP, = 0
gpu_avg_CCP, = 0
gpu_avg_SHRDP, = 0.0132304
gpu_avg_RFP, = 0.0164537
gpu_avg_INTP, = 0
gpu_avg_FPUP, = 0
gpu_avg_DPUP, = 0
gpu_avg_INT_MUL24P, = 0
gpu_avg_INT_MUL32P, = 0
gpu_avg_INT_MULP, = 0
gpu_avg_INT_DIVP, = 0
gpu_avg_FP_MULP, = 0
gpu_avg_FP_DIVP, = 0
gpu_avg_FP_SQRTP, = 0
gpu_avg_FP_LGP, = 0
gpu_avg_FP_SINP, = 0
gpu_avg_FP_EXP, = 0
gpu_avg_DP_MULP, = 0
gpu_avg_DP_DIVP, = 0
gpu_avg_TENSORP, = 0
gpu_avg_TEXP, = 0
gpu_avg_SCHEDP, = 0
gpu_avg_L2CP, = 0.00567072
gpu_avg_MCP, = 0.550924
gpu_avg_NOCP, = 0.0256003
gpu_avg_DRAMP, = 0
gpu_avg_PIPEP, = 5.63033e-05
gpu_avg_IDLE_COREP, = 9.15068
gpu_avg_CONSTP = 32.3252
gpu_avg_STATICP = 1.68
gpu_avg_TOT_INST, = 39.8793
gpu_avg_FP_INT, = 0
gpu_avg_IC_H, = 16.0517
gpu_avg_IC_M, = 3.89655
gpu_avg_DC_RH, = 0
gpu_avg_DC_RM, = 3.31034
gpu_avg_DC_WH, = 1.82759
gpu_avg_DC_WM, = 0.258621
gpu_avg_TC_H, = 0
gpu_avg_TC_M, = 0
gpu_avg_CC_H, = 0
gpu_avg_CC_M, = 0
gpu_avg_SHRD_ACC, = 18.3103
gpu_avg_REG_RD, = 2274.76
gpu_avg_REG_WR, = 1074.76
gpu_avg_NON_REG_OPs, = 0
gpu_avg_INT_ACC, = 0
gpu_avg_FPU_ACC, = 0
gpu_avg_DPU_ACC, = 0
gpu_avg_INT_MUL24_ACC, = 0
gpu_avg_INT_MUL32_ACC, = 0
gpu_avg_INT_MUL_ACC, = 0
gpu_avg_INT_DIV_ACC, = 0
gpu_avg_FP_MUL_ACC, = 0
gpu_avg_FP_DIV_ACC, = 0
gpu_avg_FP_SQRT_ACC, = 0
gpu_avg_FP_LG_ACC, = 0
gpu_avg_FP_SIN_ACC, = 0
gpu_avg_FP_EXP_ACC, = 0
gpu_avg_DP_MUL_ACC, = 0
gpu_avg_DP_DIV_ACC, = 0
gpu_avg_TENSOR_ACC, = 0
gpu_avg_TEX_ACC, = 0
gpu_avg_MEM_RD, = 0
gpu_avg_MEM_WR, = 0
gpu_avg_MEM_PRE, = 0
gpu_avg_L2_RH, = 18.8966
gpu_avg_L2_RM, = 0
gpu_avg_L2_WH, = 1.91379
gpu_avg_L2_WM, = 0
gpu_avg_NOC_A, = 30.1034
gpu_avg_PIPE_A, = 0.000138985
gpu_avg_IDLE_CORE_N, = 32.3584
gpu_avg_constant_power = 0
gpu_avg_threads_per_warp = 0
gpu_tot_TOT_INST, = 2313
gpu_tot_FP_INT, = 0
gpu_tot_IC_H, = 931
gpu_tot_IC_M, = 226
gpu_tot_DC_RH, = 0
gpu_tot_DC_RM, = 192
gpu_tot_DC_WH, = 106
gpu_tot_DC_WM, = 15
gpu_tot_TC_H, = 0
gpu_tot_TC_M, = 0
gpu_tot_CC_H, = 0
gpu_tot_CC_M, = 0
gpu_tot_SHRD_ACC, = 1062
gpu_tot_REG_RD, = 131936
gpu_tot_REG_WR, = 62336
gpu_tot_NON_REG_OPs, = 0
gpu_tot_INT_ACC, = 0
gpu_tot_FPU_ACC, = 0
gpu_tot_DPU_ACC, = 0
gpu_tot_INT_MUL24_ACC, = 0
gpu_tot_INT_MUL32_ACC, = 0
gpu_tot_INT_MUL_ACC, = 0
gpu_tot_INT_DIV_ACC, = 0
gpu_tot_FP_MUL_ACC, = 0
gpu_tot_FP_DIV_ACC, = 0
gpu_tot_FP_SQRT_ACC, = 0
gpu_tot_FP_LG_ACC, = 0
gpu_tot_FP_SIN_ACC, = 0
gpu_tot_FP_EXP_ACC, = 0
gpu_tot_DP_MUL_ACC, = 0
gpu_tot_DP_DIV_ACC, = 0
gpu_tot_TENSOR_ACC, = 0
gpu_tot_TEX_ACC, = 0
gpu_tot_MEM_RD, = 0
gpu_tot_MEM_WR, = 0
gpu_tot_MEM_PRE, = 0
gpu_tot_L2_RH, = 1096
gpu_tot_L2_RM, = 0
gpu_tot_L2_WH, = 111
gpu_tot_L2_WM, = 0
gpu_tot_NOC_A, = 1746
gpu_tot_PIPE_A, = 0.00806113
gpu_tot_IDLE_CORE_N, = 1876.79
gpu_tot_constant_power = 0

Kernel Maximum Power Data:
kernel_max_power = 44.2684
gpu_max_IBP, = 0.000467126
gpu_max_DEBP, = 0
gpu_max_ICP, = 0.0476694
gpu_max_DCP, = 0.0402465
gpu_max_TCP, = 0
gpu_max_CCP, = 0
gpu_max_SHRDP, = 0.00289025
gpu_max_RFP, = 0.0222893
gpu_max_INTP, = 0
gpu_max_FPUP, = 0
gpu_max_DPUP, = 0
gpu_max_INT_MUL24P, = 0
gpu_max_INT_MUL32P, = 0
gpu_max_INT_MULP, = 0
gpu_max_INT_DIVP, = 0
gpu_max_FP_MULP, = 0
gpu_max_FP_DIVP, = 0
gpu_max_FP_SQRTP, = 0
gpu_max_FP_LGP, = 0
gpu_max_FP_SINP, = 0
gpu_max_FP_EXP, = 0
gpu_max_DP_MULP, = 0
gpu_max_DP_DIVP, = 0
gpu_max_TENSORP, = 0
gpu_max_TEXP, = 0
gpu_max_SCHEDP, = 0
gpu_max_L2CP, = 0.016537
gpu_max_MCP, = 0.558668
gpu_max_NOCP, = 0.110554
gpu_max_DRAMP, = 0
gpu_max_PIPEP, = 7.44676e-05
gpu_max_IDLE_COREP, = 9.04933
gpu_max_CONSTP = 32.3252
gpu_max_STATICP = 2.04676
gpu_max_TOT_INST, = 48
gpu_max_FP_INT, = 0
gpu_max_IC_H, = 18
gpu_max_IC_M, = 6
gpu_max_DC_RH, = 0
gpu_max_DC_RM, = 48
gpu_max_DC_WH, = 0
gpu_max_DC_WM, = 0
gpu_max_TC_H, = 0
gpu_max_TC_M, = 0
gpu_max_CC_H, = 0
gpu_max_CC_M, = 0
gpu_max_SHRD_ACC, = 4
gpu_max_REG_RD, = 2304
gpu_max_REG_WR, = 2304
gpu_max_NON_REG_OPs, = 0
gpu_max_INT_ACC, = 0
gpu_max_FPU_ACC, = 0
gpu_max_DPU_ACC, = 0
gpu_max_INT_MUL24_ACC, = 0
gpu_max_INT_MUL32_ACC, = 0
gpu_max_INT_MUL_ACC, = 0
gpu_max_INT_DIV_ACC, = 0
gpu_max_FP_MUL_ACC, = 0
gpu_max_FP_DIV_ACC, = 0
gpu_max_FP_SQRT_ACC, = 0
gpu_max_FP_LG_ACC, = 0
gpu_max_FP_SIN_ACC, = 0
gpu_max_FP_EXP_ACC, = 0
gpu_max_DP_MUL_ACC, = 0
gpu_max_DP_DIV_ACC, = 0
gpu_max_TENSOR_ACC, = 0
gpu_max_TEX_ACC, = 0
gpu_max_MEM_RD, = 0
gpu_max_MEM_WR, = 0
gpu_max_MEM_PRE, = 0
gpu_max_L2_RH, = 76
gpu_max_L2_RM, = 0
gpu_max_L2_WH, = 0
gpu_max_L2_WM, = 0
gpu_max_NOC_A, = 130
gpu_max_PIPE_A, = 0.000183824
gpu_max_IDLE_CORE_N, = 32
gpu_max_constant_power = 0

Kernel Minimum Power Data:
kernel_min_power = 42.4904
gpu_min_IBP, = 0
gpu_min_DEBP, = 0
gpu_min_ICP, = 0
gpu_min_DCP, = 0
gpu_min_TCP, = 0
gpu_min_CCP, = 0
gpu_min_SHRDP, = 0
gpu_min_RFP, = 0
gpu_min_INTP, = 0
gpu_min_FPUP, = 0
gpu_min_DPUP, = 0
gpu_min_INT_MUL24P, = 0
gpu_min_INT_MUL32P, = 0
gpu_min_INT_MULP, = 0
gpu_min_INT_DIVP, = 0
gpu_min_FP_MULP, = 0
gpu_min_FP_DIVP, = 0
gpu_min_FP_SQRTP, = 0
gpu_min_FP_LGP, = 0
gpu_min_FP_SINP, = 0
gpu_min_FP_EXP, = 0
gpu_min_DP_MULP, = 0
gpu_min_DP_DIVP, = 0
gpu_min_TENSORP, = 0
gpu_min_TEXP, = 0
gpu_min_SCHEDP, = 0
gpu_min_L2CP, = 0
gpu_min_MCP, = 0.55022
gpu_min_NOCP, = 0
gpu_min_DRAMP, = 0
gpu_min_PIPEP, = 0
gpu_min_IDLE_COREP, = 9.61492
gpu_min_CONSTP = 32.3252
gpu_min_STATICP = 0
gpu_min_TOT_INST, = 0
gpu_min_FP_INT, = 0
gpu_min_IC_H, = 0
gpu_min_IC_M, = 0
gpu_min_DC_RH, = 0
gpu_min_DC_RM, = 0
gpu_min_DC_WH, = 0
gpu_min_DC_WM, = 0
gpu_min_TC_H, = 0
gpu_min_TC_M, = 0
gpu_min_CC_H, = 0
gpu_min_CC_M, = 0
gpu_min_SHRD_ACC, = 0
gpu_min_REG_RD, = 0
gpu_min_REG_WR, = 0
gpu_min_NON_REG_OPs, = 0
gpu_min_INT_ACC, = 0
gpu_min_FPU_ACC, = 0
gpu_min_DPU_ACC, = 0
gpu_min_INT_MUL24_ACC, = 0
gpu_min_INT_MUL32_ACC, = 0
gpu_min_INT_MUL_ACC, = 0
gpu_min_INT_DIV_ACC, = 0
gpu_min_FP_MUL_ACC, = 0
gpu_min_FP_DIV_ACC, = 0
gpu_min_FP_SQRT_ACC, = 0
gpu_min_FP_LG_ACC, = 0
gpu_min_FP_SIN_ACC, = 0
gpu_min_FP_EXP_ACC, = 0
gpu_min_DP_MUL_ACC, = 0
gpu_min_DP_DIV_ACC, = 0
gpu_min_TENSOR_ACC, = 0
gpu_min_TEX_ACC, = 0
gpu_min_MEM_RD, = 0
gpu_min_MEM_WR, = 0
gpu_min_MEM_PRE, = 0
gpu_min_L2_RH, = 0
gpu_min_L2_RM, = 0
gpu_min_L2_WH, = 0
gpu_min_L2_WM, = 0
gpu_min_NOC_A, = 0
gpu_min_PIPE_A, = 0
gpu_min_IDLE_CORE_N, = 34
gpu_min_constant_power = 0

Accumulative Power Statistics Over Previous Kernels:
gpu_tot_avg_power = 43.8816
gpu_tot_max_power = 55.3804
gpu_tot_min_power = 42.4904


kernel_name = _Z12lud_internalPfii 
kernel_launch_uid = 6 

Kernel Average Power Data:
kernel_avg_power = 43.8126
gpu_avg_IBP, = 0.0020045
gpu_avg_DEBP, = 0.000132348
gpu_avg_ICP, = 0.159693
gpu_avg_DCP, = 0.0231235
gpu_avg_TCP, = 0
gpu_avg_CCP, = 0
gpu_avg_SHRDP, = 0.0363346
gpu_avg_RFP, = 0.064385
gpu_avg_INTP, = 0
gpu_avg_FPUP, = 0
gpu_avg_DPUP, = 0
gpu_avg_INT_MUL24P, = 0
gpu_avg_INT_MUL32P, = 0
gpu_avg_INT_MULP, = 0
gpu_avg_INT_DIVP, = 0
gpu_avg_FP_MULP, = 0
gpu_avg_FP_DIVP, = 0
gpu_avg_FP_SQRTP, = 0
gpu_avg_FP_LGP, = 0
gpu_avg_FP_SINP, = 0
gpu_avg_FP_EXP, = 0
gpu_avg_DP_MULP, = 0
gpu_avg_DP_DIVP, = 0
gpu_avg_TENSORP, = 0
gpu_avg_TEXP, = 0
gpu_avg_SCHEDP, = 0
gpu_avg_L2CP, = 0.00983553
gpu_avg_MCP, = 0.555066
gpu_avg_NOCP, = 0.0603793
gpu_avg_DRAMP, = 0
gpu_avg_PIPEP, = 0.00043638
gpu_avg_IDLE_COREP, = 9.3089
gpu_avg_CONSTP = 32.3252
gpu_avg_STATICP = 1.10744
gpu_avg_TOT_INST, = 154.571
gpu_avg_FP_INT, = 0
gpu_avg_IC_H, = 56.7857
gpu_avg_IC_M, = 20.5714
gpu_avg_DC_RH, = 0
gpu_avg_DC_RM, = 27.4286
gpu_avg_DC_WH, = 1.28571
gpu_avg_DC_WM, = 0
gpu_avg_TC_H, = 0
gpu_avg_TC_M, = 0
gpu_avg_CC_H, = 0
gpu_avg_CC_M, = 0
gpu_avg_SHRD_ACC, = 50.2857
gpu_avg_REG_RD, = 8128
gpu_avg_REG_WR, = 5049.14
gpu_avg_NON_REG_OPs, = 0
gpu_avg_INT_ACC, = 0
gpu_avg_FPU_ACC, = 0
gpu_avg_DPU_ACC, = 0
gpu_avg_INT_MUL24_ACC, = 0
gpu_avg_INT_MUL32_ACC, = 0
gpu_avg_INT_MUL_ACC, = 0
gpu_avg_INT_DIV_ACC, = 0
gpu_avg_FP_MUL_ACC, = 0
gpu_avg_FP_DIV_ACC, = 0
gpu_avg_FP_SQRT_ACC, = 0
gpu_avg_FP_LG_ACC, = 0
gpu_avg_FP_SIN_ACC, = 0
gpu_avg_FP_EXP_ACC, = 0
gpu_avg_DP_MUL_ACC, = 0
gpu_avg_DP_DIV_ACC, = 0
gpu_avg_TENSOR_ACC, = 0
gpu_avg_TEX_ACC, = 0
gpu_avg_MEM_RD, = 0
gpu_avg_MEM_WR, = 0
gpu_avg_MEM_PRE, = 0
gpu_avg_L2_RH, = 37.7143
gpu_avg_L2_RM, = 0
gpu_avg_L2_WH, = 2
gpu_avg_L2_WM, = 0
gpu_avg_NOC_A, = 71
gpu_avg_PIPE_A, = 0.00107721
gpu_avg_IDLE_CORE_N, = 32.9179
gpu_avg_constant_power = 0
gpu_avg_threads_per_warp = 0
gpu_tot_TOT_INST, = 2164
gpu_tot_FP_INT, = 0
gpu_tot_IC_H, = 795
gpu_tot_IC_M, = 288
gpu_tot_DC_RH, = 0
gpu_tot_DC_RM, = 384
gpu_tot_DC_WH, = 18
gpu_tot_DC_WM, = 0
gpu_tot_TC_H, = 0
gpu_tot_TC_M, = 0
gpu_tot_CC_H, = 0
gpu_tot_CC_M, = 0
gpu_tot_SHRD_ACC, = 704
gpu_tot_REG_RD, = 113792
gpu_tot_REG_WR, = 70688
gpu_tot_NON_REG_OPs, = 0
gpu_tot_INT_ACC, = 0
gpu_tot_FPU_ACC, = 0
gpu_tot_DPU_ACC, = 0
gpu_tot_INT_MUL24_ACC, = 0
gpu_tot_INT_MUL32_ACC, = 0
gpu_tot_INT_MUL_ACC, = 0
gpu_tot_INT_DIV_ACC, = 0
gpu_tot_FP_MUL_ACC, = 0
gpu_tot_FP_DIV_ACC, = 0
gpu_tot_FP_SQRT_ACC, = 0
gpu_tot_FP_LG_ACC, = 0
gpu_tot_FP_SIN_ACC, = 0
gpu_tot_FP_EXP_ACC, = 0
gpu_tot_DP_MUL_ACC, = 0
gpu_tot_DP_DIV_ACC, = 0
gpu_tot_TENSOR_ACC, = 0
gpu_tot_TEX_ACC, = 0
gpu_tot_MEM_RD, = 0
gpu_tot_MEM_WR, = 0
gpu_tot_MEM_PRE, = 0
gpu_tot_L2_RH, = 528
gpu_tot_L2_RM, = 0
gpu_tot_L2_WH, = 28
gpu_tot_L2_WM, = 0
gpu_tot_NOC_A, = 994
gpu_tot_PIPE_A, = 0.0150809
gpu_tot_IDLE_CORE_N, = 460.85
gpu_tot_constant_power = 0

Kernel Maximum Power Data:
kernel_max_power = 48.0741
gpu_max_IBP, = 0.00879351
gpu_max_DEBP, = 0.00110486
gpu_max_ICP, = 0.738394
gpu_max_DCP, = 0.107324
gpu_max_TCP, = 0
gpu_max_CCP, = 0
gpu_max_SHRDP, = 0.34972
gpu_max_RFP, = 0.251844
gpu_max_INTP, = 0
gpu_max_FPUP, = 0
gpu_max_DPUP, = 0
gpu_max_INT_MUL24P, = 0
gpu_max_INT_MUL32P, = 0
gpu_max_INT_MULP, = 0
gpu_max_INT_DIVP, = 0
gpu_max_FP_MULP, = 0
gpu_max_FP_DIVP, = 0
gpu_max_FP_SQRTP, = 0
gpu_max_FP_LGP, = 0
gpu_max_FP_SINP, = 0
gpu_max_FP_EXP, = 0
gpu_max_DP_MULP, = 0
gpu_max_DP_DIVP, = 0
gpu_max_TENSORP, = 0
gpu_max_TEXP, = 0
gpu_max_SCHEDP, = 0
gpu_max_L2CP, = 0.0559212
gpu_max_MCP, = 0.572749
gpu_max_NOCP, = 0.345267
gpu_max_DRAMP, = 0
gpu_max_PIPEP, = 0.00211488
gpu_max_IDLE_COREP, = 8.48375
gpu_max_CONSTP = 32.3252
gpu_max_STATICP = 4.09352
gpu_max_TOT_INST, = 640
gpu_max_FP_INT, = 0
gpu_max_IC_H, = 256
gpu_max_IC_M, = 96
gpu_max_DC_RH, = 0
gpu_max_DC_RM, = 128
gpu_max_DC_WH, = 0
gpu_max_DC_WM, = 0
gpu_max_TC_H, = 0
gpu_max_TC_M, = 0
gpu_max_CC_H, = 0
gpu_max_CC_M, = 0
gpu_max_SHRD_ACC, = 484
gpu_max_REG_RD, = 26752
gpu_max_REG_WR, = 25248
gpu_max_NON_REG_OPs, = 0
gpu_max_INT_ACC, = 0
gpu_max_FPU_ACC, = 0
gpu_max_DPU_ACC, = 0
gpu_max_INT_MUL24_ACC, = 0
gpu_max_INT_MUL32_ACC, = 0
gpu_max_INT_MUL_ACC, = 0
gpu_max_INT_DIV_ACC, = 0
gpu_max_FP_MUL_ACC, = 0
gpu_max_FP_DIV_ACC, = 0
gpu_max_FP_SQRT_ACC, = 0
gpu_max_FP_LG_ACC, = 0
gpu_max_FP_SIN_ACC, = 0
gpu_max_FP_EXP_ACC, = 0
gpu_max_DP_MUL_ACC, = 0
gpu_max_DP_DIV_ACC, = 0
gpu_max_TENSOR_ACC, = 0
gpu_max_TEX_ACC, = 0
gpu_max_MEM_RD, = 0
gpu_max_MEM_WR, = 0
gpu_max_MEM_PRE, = 0
gpu_max_L2_RH, = 257
gpu_max_L2_RM, = 0
gpu_max_L2_WH, = 0
gpu_max_L2_WM, = 0
gpu_max_NOC_A, = 406
gpu_max_PIPE_A, = 0.00522059
gpu_max_IDLE_CORE_N, = 30
gpu_max_constant_power = 0

Kernel Minimum Power Data:
kernel_min_power = 42.4904
gpu_min_IBP, = 0
gpu_min_DEBP, = 0
gpu_min_ICP, = 0
gpu_min_DCP, = 0
gpu_min_TCP, = 0
gpu_min_CCP, = 0
gpu_min_SHRDP, = 0
gpu_min_RFP, = 0
gpu_min_INTP, = 0
gpu_min_FPUP, = 0
gpu_min_DPUP, = 0
gpu_min_INT_MUL24P, = 0
gpu_min_INT_MUL32P, = 0
gpu_min_INT_MULP, = 0
gpu_min_INT_DIVP, = 0
gpu_min_FP_MULP, = 0
gpu_min_FP_DIVP, = 0
gpu_min_FP_SQRTP, = 0
gpu_min_FP_LGP, = 0
gpu_min_FP_SINP, = 0
gpu_min_FP_EXP, = 0
gpu_min_DP_MULP, = 0
gpu_min_DP_DIVP, = 0
gpu_min_TENSORP, = 0
gpu_min_TEXP, = 0
gpu_min_SCHEDP, = 0
gpu_min_L2CP, = 0
gpu_min_MCP, = 0.55022
gpu_min_NOCP, = 0
gpu_min_DRAMP, = 0
gpu_min_PIPEP, = 0
gpu_min_IDLE_COREP, = 9.61492
gpu_min_CONSTP = 32.3252
gpu_min_STATICP = 0
gpu_min_TOT_INST, = 0
gpu_min_FP_INT, = 0
gpu_min_IC_H, = 0
gpu_min_IC_M, = 0
gpu_min_DC_RH, = 0
gpu_min_DC_RM, = 0
gpu_min_DC_WH, = 0
gpu_min_DC_WM, = 0
gpu_min_TC_H, = 0
gpu_min_TC_M, = 0
gpu_min_CC_H, = 0
gpu_min_CC_M, = 0
gpu_min_SHRD_ACC, = 0
gpu_min_REG_RD, = 0
gpu_min_REG_WR, = 0
gpu_min_NON_REG_OPs, = 0
gpu_min_INT_ACC, = 0
gpu_min_FPU_ACC, = 0
gpu_min_DPU_ACC, = 0
gpu_min_INT_MUL24_ACC, = 0
gpu_min_INT_MUL32_ACC, = 0
gpu_min_INT_MUL_ACC, = 0
gpu_min_INT_DIV_ACC, = 0
gpu_min_FP_MUL_ACC, = 0
gpu_min_FP_DIV_ACC, = 0
gpu_min_FP_SQRT_ACC, = 0
gpu_min_FP_LG_ACC, = 0
gpu_min_FP_SIN_ACC, = 0
gpu_min_FP_EXP_ACC, = 0
gpu_min_DP_MUL_ACC, = 0
gpu_min_DP_DIV_ACC, = 0
gpu_min_TENSOR_ACC, = 0
gpu_min_TEX_ACC, = 0
gpu_min_MEM_RD, = 0
gpu_min_MEM_WR, = 0
gpu_min_MEM_PRE, = 0
gpu_min_L2_RH, = 0
gpu_min_L2_RM, = 0
gpu_min_L2_WH, = 0
gpu_min_L2_WM, = 0
gpu_min_NOC_A, = 0
gpu_min_PIPE_A, = 0
gpu_min_IDLE_CORE_N, = 34
gpu_min_constant_power = 0

Accumulative Power Statistics Over Previous Kernels:
gpu_tot_avg_power = 43.8782
gpu_tot_max_power = 55.3804
gpu_tot_min_power = 42.4904


kernel_name = _Z12lud_diagonalPfii 
kernel_launch_uid = 7 

Kernel Average Power Data:
kernel_avg_power = 43.2566
gpu_avg_IBP, = 0.000966026
gpu_avg_DEBP, = 3.71327e-05
gpu_avg_ICP, = 0.033568
gpu_avg_DCP, = 0.00357079
gpu_avg_TCP, = 0
gpu_avg_CCP, = 0
gpu_avg_SHRDP, = 0.0191995
gpu_avg_RFP, = 0.0259645
gpu_avg_INTP, = 0
gpu_avg_FPUP, = 0
gpu_avg_DPUP, = 0
gpu_avg_INT_MUL24P, = 0
gpu_avg_INT_MUL32P, = 0
gpu_avg_INT_MULP, = 0
gpu_avg_INT_DIVP, = 0
gpu_avg_FP_MULP, = 0
gpu_avg_FP_DIVP, = 0
gpu_avg_FP_SQRTP, = 0
gpu_avg_FP_LGP, = 0
gpu_avg_FP_SINP, = 0
gpu_avg_FP_EXP, = 0
gpu_avg_DP_MULP, = 0
gpu_avg_DP_DIVP, = 0
gpu_avg_TENSORP, = 0
gpu_avg_TEXP, = 0
gpu_avg_SCHEDP, = 0
gpu_avg_L2CP, = 0.0058343
gpu_avg_MCP, = 0.55165
gpu_avg_NOCP, = 0.0145026
gpu_avg_DRAMP, = 0
gpu_avg_PIPEP, = 3.68365e-05
gpu_avg_IDLE_COREP, = 9.3753
gpu_avg_CONSTP = 32.3252
gpu_avg_STATICP = 0.867132
gpu_avg_TOT_INST, = 79.8214
gpu_avg_FP_INT, = 0
gpu_avg_IC_H, = 39.25
gpu_avg_IC_M, = 0.660714
gpu_avg_DC_RH, = 0
gpu_avg_DC_RM, = 0.571429
gpu_avg_DC_WH, = 2.82143
gpu_avg_DC_WM, = 3.48214
gpu_avg_TC_H, = 0
gpu_avg_TC_M, = 0
gpu_avg_CC_H, = 0
gpu_avg_CC_M, = 0
gpu_avg_SHRD_ACC, = 26.5714
gpu_avg_REG_RD, = 3797.14
gpu_avg_REG_WR, = 1469.71
gpu_avg_NON_REG_OPs, = 0
gpu_avg_INT_ACC, = 0
gpu_avg_FPU_ACC, = 0
gpu_avg_DPU_ACC, = 0
gpu_avg_INT_MUL24_ACC, = 0
gpu_avg_INT_MUL32_ACC, = 0
gpu_avg_INT_MUL_ACC, = 0
gpu_avg_INT_DIV_ACC, = 0
gpu_avg_FP_MUL_ACC, = 0
gpu_avg_FP_DIV_ACC, = 0
gpu_avg_FP_SQRT_ACC, = 0
gpu_avg_FP_LG_ACC, = 0
gpu_avg_FP_SIN_ACC, = 0
gpu_avg_FP_EXP_ACC, = 0
gpu_avg_DP_MUL_ACC, = 0
gpu_avg_DP_DIV_ACC, = 0
gpu_avg_TENSOR_ACC, = 0
gpu_avg_TEX_ACC, = 0
gpu_avg_MEM_RD, = 0
gpu_avg_MEM_WR, = 0
gpu_avg_MEM_PRE, = 0
gpu_avg_L2_RH, = 3.21429
gpu_avg_L2_RM, = 0
gpu_avg_L2_WH, = 6.30357
gpu_avg_L2_WM, = 0
gpu_avg_NOC_A, = 17.0536
gpu_avg_PIPE_A, = 9.09311e-05
gpu_avg_IDLE_CORE_N, = 33.1527
gpu_avg_constant_power = 0
gpu_avg_threads_per_warp = 0
gpu_tot_TOT_INST, = 4470
gpu_tot_FP_INT, = 0
gpu_tot_IC_H, = 2198
gpu_tot_IC_M, = 37
gpu_tot_DC_RH, = 0
gpu_tot_DC_RM, = 32
gpu_tot_DC_WH, = 158
gpu_tot_DC_WM, = 195
gpu_tot_TC_H, = 0
gpu_tot_TC_M, = 0
gpu_tot_CC_H, = 0
gpu_tot_CC_M, = 0
gpu_tot_SHRD_ACC, = 1488
gpu_tot_REG_RD, = 212640
gpu_tot_REG_WR, = 82304
gpu_tot_NON_REG_OPs, = 0
gpu_tot_INT_ACC, = 0
gpu_tot_FPU_ACC, = 0
gpu_tot_DPU_ACC, = 0
gpu_tot_INT_MUL24_ACC, = 0
gpu_tot_INT_MUL32_ACC, = 0
gpu_tot_INT_MUL_ACC, = 0
gpu_tot_INT_DIV_ACC, = 0
gpu_tot_FP_MUL_ACC, = 0
gpu_tot_FP_DIV_ACC, = 0
gpu_tot_FP_SQRT_ACC, = 0
gpu_tot_FP_LG_ACC, = 0
gpu_tot_FP_SIN_ACC, = 0
gpu_tot_FP_EXP_ACC, = 0
gpu_tot_DP_MUL_ACC, = 0
gpu_tot_DP_DIV_ACC, = 0
gpu_tot_TENSOR_ACC, = 0
gpu_tot_TEX_ACC, = 0
gpu_tot_MEM_RD, = 0
gpu_tot_MEM_WR, = 0
gpu_tot_MEM_PRE, = 0
gpu_tot_L2_RH, = 180
gpu_tot_L2_RM, = 0
gpu_tot_L2_WH, = 353
gpu_tot_L2_WM, = 0
gpu_tot_NOC_A, = 955
gpu_tot_PIPE_A, = 0.00509214
gpu_tot_IDLE_CORE_N, = 1856.55
gpu_tot_constant_power = 0

Kernel Maximum Power Data:
kernel_max_power = 44.3901
gpu_max_IBP, = 0.00196415
gpu_max_DEBP, = 0.000273365
gpu_max_ICP, = 0.0303947
gpu_max_DCP, = 0.0124928
gpu_max_TCP, = 0
gpu_max_CCP, = 0
gpu_max_SHRDP, = 0
gpu_max_RFP, = 0.0513601
gpu_max_INTP, = 0
gpu_max_FPUP, = 0
gpu_max_DPUP, = 0
gpu_max_INT_MUL24P, = 0
gpu_max_INT_MUL32P, = 0
gpu_max_INT_MULP, = 0
gpu_max_INT_DIVP, = 0
gpu_max_FP_MULP, = 0
gpu_max_FP_DIVP, = 0
gpu_max_FP_SQRTP, = 0
gpu_max_FP_LGP, = 0
gpu_max_FP_SINP, = 0
gpu_max_FP_EXP, = 0
gpu_max_DP_MULP, = 0
gpu_max_DP_DIVP, = 0
gpu_max_TENSORP, = 0
gpu_max_TEXP, = 0
gpu_max_SCHEDP, = 0
gpu_max_L2CP, = 0.104269
gpu_max_MCP, = 0.552043
gpu_max_NOCP, = 0.217706
gpu_max_DRAMP, = 0
gpu_max_PIPEP, = 0.00048255
gpu_max_IDLE_COREP, = 9.06178
gpu_max_CONSTP = 32.3252
gpu_max_STATICP = 2.00173
gpu_max_TOT_INST, = 80
gpu_max_FP_INT, = 0
gpu_max_IC_H, = 40
gpu_max_IC_M, = 0
gpu_max_DC_RH, = 0
gpu_max_DC_RM, = 0
gpu_max_DC_WH, = 128
gpu_max_DC_WM, = 0
gpu_max_TC_H, = 0
gpu_max_TC_M, = 0
gpu_max_CC_H, = 0
gpu_max_CC_M, = 0
gpu_max_SHRD_ACC, = 0
gpu_max_REG_RD, = 7360
gpu_max_REG_WR, = 3072
gpu_max_NON_REG_OPs, = 0
gpu_max_INT_ACC, = 0
gpu_max_FPU_ACC, = 0
gpu_max_DPU_ACC, = 0
gpu_max_INT_MUL24_ACC, = 0
gpu_max_INT_MUL32_ACC, = 0
gpu_max_INT_MUL_ACC, = 0
gpu_max_INT_DIV_ACC, = 0
gpu_max_FP_MUL_ACC, = 0
gpu_max_FP_DIV_ACC, = 0
gpu_max_FP_SQRT_ACC, = 0
gpu_max_FP_LG_ACC, = 0
gpu_max_FP_SIN_ACC, = 0
gpu_max_FP_EXP_ACC, = 0
gpu_max_DP_MUL_ACC, = 0
gpu_max_DP_DIV_ACC, = 0
gpu_max_TENSOR_ACC, = 0
gpu_max_TEX_ACC, = 0
gpu_max_MEM_RD, = 0
gpu_max_MEM_WR, = 0
gpu_max_MEM_PRE, = 0
gpu_max_L2_RH, = 0
gpu_max_L2_RM, = 0
gpu_max_L2_WH, = 128
gpu_max_L2_WM, = 0
gpu_max_NOC_A, = 256
gpu_max_PIPE_A, = 0.00119118
gpu_max_IDLE_CORE_N, = 32.044
gpu_max_constant_power = 0

Kernel Minimum Power Data:
kernel_min_power = 42.4904
gpu_min_IBP, = 0
gpu_min_DEBP, = 0
gpu_min_ICP, = 0
gpu_min_DCP, = 0
gpu_min_TCP, = 0
gpu_min_CCP, = 0
gpu_min_SHRDP, = 0
gpu_min_RFP, = 0
gpu_min_INTP, = 0
gpu_min_FPUP, = 0
gpu_min_DPUP, = 0
gpu_min_INT_MUL24P, = 0
gpu_min_INT_MUL32P, = 0
gpu_min_INT_MULP, = 0
gpu_min_INT_DIVP, = 0
gpu_min_FP_MULP, = 0
gpu_min_FP_DIVP, = 0
gpu_min_FP_SQRTP, = 0
gpu_min_FP_LGP, = 0
gpu_min_FP_SINP, = 0
gpu_min_FP_EXP, = 0
gpu_min_DP_MULP, = 0
gpu_min_DP_DIVP, = 0
gpu_min_TENSORP, = 0
gpu_min_TEXP, = 0
gpu_min_SCHEDP, = 0
gpu_min_L2CP, = 0
gpu_min_MCP, = 0.55022
gpu_min_NOCP, = 0
gpu_min_DRAMP, = 0
gpu_min_PIPEP, = 0
gpu_min_IDLE_COREP, = 9.61492
gpu_min_CONSTP = 32.3252
gpu_min_STATICP = 0
gpu_min_TOT_INST, = 0
gpu_min_FP_INT, = 0
gpu_min_IC_H, = 0
gpu_min_IC_M, = 0
gpu_min_DC_RH, = 0
gpu_min_DC_RM, = 0
gpu_min_DC_WH, = 0
gpu_min_DC_WM, = 0
gpu_min_TC_H, = 0
gpu_min_TC_M, = 0
gpu_min_CC_H, = 0
gpu_min_CC_M, = 0
gpu_min_SHRD_ACC, = 0
gpu_min_REG_RD, = 0
gpu_min_REG_WR, = 0
gpu_min_NON_REG_OPs, = 0
gpu_min_INT_ACC, = 0
gpu_min_FPU_ACC, = 0
gpu_min_DPU_ACC, = 0
gpu_min_INT_MUL24_ACC, = 0
gpu_min_INT_MUL32_ACC, = 0
gpu_min_INT_MUL_ACC, = 0
gpu_min_INT_DIV_ACC, = 0
gpu_min_FP_MUL_ACC, = 0
gpu_min_FP_DIV_ACC, = 0
gpu_min_FP_SQRT_ACC, = 0
gpu_min_FP_LG_ACC, = 0
gpu_min_FP_SIN_ACC, = 0
gpu_min_FP_EXP_ACC, = 0
gpu_min_DP_MUL_ACC, = 0
gpu_min_DP_DIV_ACC, = 0
gpu_min_TENSOR_ACC, = 0
gpu_min_TEX_ACC, = 0
gpu_min_MEM_RD, = 0
gpu_min_MEM_WR, = 0
gpu_min_MEM_PRE, = 0
gpu_min_L2_RH, = 0
gpu_min_L2_RM, = 0
gpu_min_L2_WH, = 0
gpu_min_L2_WM, = 0
gpu_min_NOC_A, = 0
gpu_min_PIPE_A, = 0
gpu_min_IDLE_CORE_N, = 34
gpu_min_constant_power = 0

Accumulative Power Statistics Over Previous Kernels:
gpu_tot_avg_power = 43.7755
gpu_tot_max_power = 55.3804
gpu_tot_min_power = 42.4904


kernel_name = _Z13lud_perimeterPfii 
kernel_launch_uid = 8 

Kernel Average Power Data:
kernel_avg_power = 43.171
gpu_avg_IBP, = 0.000246772
gpu_avg_DEBP, = 5.27051e-06
gpu_avg_ICP, = 0.0172082
gpu_avg_DCP, = 0.00170131
gpu_avg_TCP, = 0
gpu_avg_CCP, = 0
gpu_avg_SHRDP, = 0.00660273
gpu_avg_RFP, = 0.00831293
gpu_avg_INTP, = 0
gpu_avg_FPUP, = 0
gpu_avg_DPUP, = 0
gpu_avg_INT_MUL24P, = 0
gpu_avg_INT_MUL32P, = 0
gpu_avg_INT_MULP, = 0
gpu_avg_INT_DIVP, = 0
gpu_avg_FP_MULP, = 0
gpu_avg_FP_DIVP, = 0
gpu_avg_FP_SQRTP, = 0
gpu_avg_FP_LGP, = 0
gpu_avg_FP_SINP, = 0
gpu_avg_FP_EXP, = 0
gpu_avg_DP_MULP, = 0
gpu_avg_DP_DIVP, = 0
gpu_avg_TENSORP, = 0
gpu_avg_TEXP, = 0
gpu_avg_SCHEDP, = 0
gpu_avg_L2CP, = 0.0029407
gpu_avg_MCP, = 0.550622
gpu_avg_NOCP, = 0.0131521
gpu_avg_DRAMP, = 0
gpu_avg_PIPEP, = 2.82977e-05
gpu_avg_IDLE_COREP, = 9.3809
gpu_avg_CONSTP = 32.3252
gpu_avg_STATICP = 0.846864
gpu_avg_TOT_INST, = 20.1034
gpu_avg_FP_INT, = 0
gpu_avg_IC_H, = 8.12069
gpu_avg_IC_M, = 1.94828
gpu_avg_DC_RH, = 0
gpu_avg_DC_RM, = 1.65517
gpu_avg_DC_WH, = 1.06897
gpu_avg_DC_WM, = 0.258621
gpu_avg_TC_H, = 0
gpu_avg_TC_M, = 0
gpu_avg_CC_H, = 0
gpu_avg_CC_M, = 0
gpu_avg_SHRD_ACC, = 9.13793
gpu_avg_REG_RD, = 1150.9
gpu_avg_REG_WR, = 541.241
gpu_avg_NON_REG_OPs, = 0
gpu_avg_INT_ACC, = 0
gpu_avg_FPU_ACC, = 0
gpu_avg_DPU_ACC, = 0
gpu_avg_INT_MUL24_ACC, = 0
gpu_avg_INT_MUL32_ACC, = 0
gpu_avg_INT_MUL_ACC, = 0
gpu_avg_INT_DIV_ACC, = 0
gpu_avg_FP_MUL_ACC, = 0
gpu_avg_FP_DIV_ACC, = 0
gpu_avg_FP_SQRT_ACC, = 0
gpu_avg_FP_LG_ACC, = 0
gpu_avg_FP_SIN_ACC, = 0
gpu_avg_FP_EXP_ACC, = 0
gpu_avg_DP_MUL_ACC, = 0
gpu_avg_DP_DIV_ACC, = 0
gpu_avg_TENSOR_ACC, = 0
gpu_avg_TEX_ACC, = 0
gpu_avg_MEM_RD, = 0
gpu_avg_MEM_WR, = 0
gpu_avg_MEM_PRE, = 0
gpu_avg_L2_RH, = 9.44828
gpu_avg_L2_RM, = 0
gpu_avg_L2_WH, = 1.08621
gpu_avg_L2_WM, = 0
gpu_avg_NOC_A, = 15.4655
gpu_avg_PIPE_A, = 6.9853e-05
gpu_avg_IDLE_CORE_N, = 33.1725
gpu_avg_constant_power = 0
gpu_avg_threads_per_warp = 0
gpu_tot_TOT_INST, = 1166
gpu_tot_FP_INT, = 0
gpu_tot_IC_H, = 471
gpu_tot_IC_M, = 113
gpu_tot_DC_RH, = 0
gpu_tot_DC_RM, = 96
gpu_tot_DC_WH, = 62
gpu_tot_DC_WM, = 15
gpu_tot_TC_H, = 0
gpu_tot_TC_M, = 0
gpu_tot_CC_H, = 0
gpu_tot_CC_M, = 0
gpu_tot_SHRD_ACC, = 530
gpu_tot_REG_RD, = 66752
gpu_tot_REG_WR, = 31392
gpu_tot_NON_REG_OPs, = 0
gpu_tot_INT_ACC, = 0
gpu_tot_FPU_ACC, = 0
gpu_tot_DPU_ACC, = 0
gpu_tot_INT_MUL24_ACC, = 0
gpu_tot_INT_MUL32_ACC, = 0
gpu_tot_INT_MUL_ACC, = 0
gpu_tot_INT_DIV_ACC, = 0
gpu_tot_FP_MUL_ACC, = 0
gpu_tot_FP_DIV_ACC, = 0
gpu_tot_FP_SQRT_ACC, = 0
gpu_tot_FP_LG_ACC, = 0
gpu_tot_FP_SIN_ACC, = 0
gpu_tot_FP_EXP_ACC, = 0
gpu_tot_DP_MUL_ACC, = 0
gpu_tot_DP_DIV_ACC, = 0
gpu_tot_TENSOR_ACC, = 0
gpu_tot_TEX_ACC, = 0
gpu_tot_MEM_RD, = 0
gpu_tot_MEM_WR, = 0
gpu_tot_MEM_PRE, = 0
gpu_tot_L2_RH, = 548
gpu_tot_L2_RM, = 0
gpu_tot_L2_WH, = 63
gpu_tot_L2_WM, = 0
gpu_tot_NOC_A, = 897
gpu_tot_PIPE_A, = 0.00405147
gpu_tot_IDLE_CORE_N, = 1924
gpu_tot_constant_power = 0

Kernel Maximum Power Data:
kernel_max_power = 43.3626
gpu_max_IBP, = 0.000192561
gpu_max_DEBP, = 2.02946e-05
gpu_max_ICP, = 0.0261143
gpu_max_DCP, = 0.0013664
gpu_max_TCP, = 0
gpu_max_CCP, = 0
gpu_max_SHRDP, = 0.0101159
gpu_max_RFP, = 0.0102558
gpu_max_INTP, = 0
gpu_max_FPUP, = 0
gpu_max_DPUP, = 0
gpu_max_INT_MUL24P, = 0
gpu_max_INT_MUL32P, = 0
gpu_max_INT_MULP, = 0
gpu_max_INT_DIVP, = 0
gpu_max_FP_MULP, = 0
gpu_max_FP_DIVP, = 0
gpu_max_FP_SQRTP, = 0
gpu_max_FP_LGP, = 0
gpu_max_FP_SINP, = 0
gpu_max_FP_EXP, = 0
gpu_max_DP_MULP, = 0
gpu_max_DP_DIVP, = 0
gpu_max_TENSORP, = 0
gpu_max_TEXP, = 0
gpu_max_SCHEDP, = 0
gpu_max_L2CP, = 0.0172739
gpu_max_MCP, = 0.550419
gpu_max_NOCP, = 0.0399694
gpu_max_DRAMP, = 0
gpu_max_PIPEP, = 4.46806e-05
gpu_max_IDLE_COREP, = 9.33212
gpu_max_CONSTP = 32.3252
gpu_max_STATICP = 1.02338
gpu_max_TOT_INST, = 30
gpu_max_FP_INT, = 0
gpu_max_IC_H, = 12
gpu_max_IC_M, = 3
gpu_max_DC_RH, = 0
gpu_max_DC_RM, = 0
gpu_max_DC_WH, = 14
gpu_max_DC_WM, = 0
gpu_max_TC_H, = 0
gpu_max_TC_M, = 0
gpu_max_CC_H, = 0
gpu_max_CC_M, = 0
gpu_max_SHRD_ACC, = 14
gpu_max_REG_RD, = 1504
gpu_max_REG_WR, = 576
gpu_max_NON_REG_OPs, = 0
gpu_max_INT_ACC, = 0
gpu_max_FPU_ACC, = 0
gpu_max_DPU_ACC, = 0
gpu_max_INT_MUL24_ACC, = 0
gpu_max_INT_MUL32_ACC, = 0
gpu_max_INT_MUL_ACC, = 0
gpu_max_INT_DIV_ACC, = 0
gpu_max_FP_MUL_ACC, = 0
gpu_max_FP_DIV_ACC, = 0
gpu_max_FP_SQRT_ACC, = 0
gpu_max_FP_LG_ACC, = 0
gpu_max_FP_SIN_ACC, = 0
gpu_max_FP_EXP_ACC, = 0
gpu_max_DP_MUL_ACC, = 0
gpu_max_DP_DIV_ACC, = 0
gpu_max_TENSOR_ACC, = 0
gpu_max_TEX_ACC, = 0
gpu_max_MEM_RD, = 0
gpu_max_MEM_WR, = 0
gpu_max_MEM_PRE, = 0
gpu_max_L2_RH, = 12
gpu_max_L2_RM, = 0
gpu_max_L2_WH, = 18
gpu_max_L2_WM, = 0
gpu_max_NOC_A, = 47
gpu_max_PIPE_A, = 0.000110294
gpu_max_IDLE_CORE_N, = 33
gpu_max_constant_power = 0

Kernel Minimum Power Data:
kernel_min_power = 42.4904
gpu_min_IBP, = 0
gpu_min_DEBP, = 0
gpu_min_ICP, = 0
gpu_min_DCP, = 0
gpu_min_TCP, = 0
gpu_min_CCP, = 0
gpu_min_SHRDP, = 0
gpu_min_RFP, = 0
gpu_min_INTP, = 0
gpu_min_FPUP, = 0
gpu_min_DPUP, = 0
gpu_min_INT_MUL24P, = 0
gpu_min_INT_MUL32P, = 0
gpu_min_INT_MULP, = 0
gpu_min_INT_DIVP, = 0
gpu_min_FP_MULP, = 0
gpu_min_FP_DIVP, = 0
gpu_min_FP_SQRTP, = 0
gpu_min_FP_LGP, = 0
gpu_min_FP_SINP, = 0
gpu_min_FP_EXP, = 0
gpu_min_DP_MULP, = 0
gpu_min_DP_DIVP, = 0
gpu_min_TENSORP, = 0
gpu_min_TEXP, = 0
gpu_min_SCHEDP, = 0
gpu_min_L2CP, = 0
gpu_min_MCP, = 0.55022
gpu_min_NOCP, = 0
gpu_min_DRAMP, = 0
gpu_min_PIPEP, = 0
gpu_min_IDLE_COREP, = 9.61492
gpu_min_CONSTP = 32.3252
gpu_min_STATICP = 0
gpu_min_TOT_INST, = 0
gpu_min_FP_INT, = 0
gpu_min_IC_H, = 0
gpu_min_IC_M, = 0
gpu_min_DC_RH, = 0
gpu_min_DC_RM, = 0
gpu_min_DC_WH, = 0
gpu_min_DC_WM, = 0
gpu_min_TC_H, = 0
gpu_min_TC_M, = 0
gpu_min_CC_H, = 0
gpu_min_CC_M, = 0
gpu_min_SHRD_ACC, = 0
gpu_min_REG_RD, = 0
gpu_min_REG_WR, = 0
gpu_min_NON_REG_OPs, = 0
gpu_min_INT_ACC, = 0
gpu_min_FPU_ACC, = 0
gpu_min_DPU_ACC, = 0
gpu_min_INT_MUL24_ACC, = 0
gpu_min_INT_MUL32_ACC, = 0
gpu_min_INT_MUL_ACC, = 0
gpu_min_INT_DIV_ACC, = 0
gpu_min_FP_MUL_ACC, = 0
gpu_min_FP_DIV_ACC, = 0
gpu_min_FP_SQRT_ACC, = 0
gpu_min_FP_LG_ACC, = 0
gpu_min_FP_SIN_ACC, = 0
gpu_min_FP_EXP_ACC, = 0
gpu_min_DP_MUL_ACC, = 0
gpu_min_DP_DIV_ACC, = 0
gpu_min_TENSOR_ACC, = 0
gpu_min_TEX_ACC, = 0
gpu_min_MEM_RD, = 0
gpu_min_MEM_WR, = 0
gpu_min_MEM_PRE, = 0
gpu_min_L2_RH, = 0
gpu_min_L2_RM, = 0
gpu_min_L2_WH, = 0
gpu_min_L2_WM, = 0
gpu_min_NOC_A, = 0
gpu_min_PIPE_A, = 0
gpu_min_IDLE_CORE_N, = 34
gpu_min_constant_power = 0

Accumulative Power Statistics Over Previous Kernels:
gpu_tot_avg_power = 43.6872
gpu_tot_max_power = 55.3804
gpu_tot_min_power = 42.4904


kernel_name = _Z12lud_internalPfii 
kernel_launch_uid = 9 

Kernel Average Power Data:
kernel_avg_power = 42.8366
gpu_avg_IBP, = 0.00054156
gpu_avg_DEBP, = 3.92648e-05
gpu_avg_ICP, = 0.0404253
gpu_avg_DCP, = 0.00597259
gpu_avg_TCP, = 0
gpu_avg_CCP, = 0
gpu_avg_SHRDP, = 0.00908365
gpu_avg_RFP, = 0.0169819
gpu_avg_INTP, = 0
gpu_avg_FPUP, = 0
gpu_avg_DPUP, = 0
gpu_avg_INT_MUL24P, = 0
gpu_avg_INT_MUL32P, = 0
gpu_avg_INT_MULP, = 0
gpu_avg_INT_DIVP, = 0
gpu_avg_FP_MULP, = 0
gpu_avg_FP_DIVP, = 0
gpu_avg_FP_SQRTP, = 0
gpu_avg_FP_LGP, = 0
gpu_avg_FP_SINP, = 0
gpu_avg_FP_EXP, = 0
gpu_avg_DP_MULP, = 0
gpu_avg_DP_DIVP, = 0
gpu_avg_TENSORP, = 0
gpu_avg_TEXP, = 0
gpu_avg_SCHEDP, = 0
gpu_avg_L2CP, = 0.00286618
gpu_avg_MCP, = 0.551459
gpu_avg_NOCP, = 0.0171905
gpu_avg_DRAMP, = 0
gpu_avg_PIPEP, = 0.000117446
gpu_avg_IDLE_COREP, = 9.5342
gpu_avg_CONSTP = 32.3252
gpu_avg_STATICP = 0.292102
gpu_avg_TOT_INST, = 40
gpu_avg_FP_INT, = 0
gpu_avg_IC_H, = 14.8571
gpu_avg_IC_M, = 5.14286
gpu_avg_DC_RH, = 0
gpu_avg_DC_RM, = 6.85714
gpu_avg_DC_WH, = 2.28571
gpu_avg_DC_WM, = 0
gpu_avg_TC_H, = 0
gpu_avg_TC_M, = 0
gpu_avg_CC_H, = 0
gpu_avg_CC_M, = 0
gpu_avg_SHRD_ACC, = 12.5714
gpu_avg_REG_RD, = 2157.71
gpu_avg_REG_WR, = 1316.57
gpu_avg_NON_REG_OPs, = 0
gpu_avg_INT_ACC, = 0
gpu_avg_FPU_ACC, = 0
gpu_avg_DPU_ACC, = 0
gpu_avg_INT_MUL24_ACC, = 0
gpu_avg_INT_MUL32_ACC, = 0
gpu_avg_INT_MUL_ACC, = 0
gpu_avg_INT_DIV_ACC, = 0
gpu_avg_FP_MUL_ACC, = 0
gpu_avg_FP_DIV_ACC, = 0
gpu_avg_FP_SQRT_ACC, = 0
gpu_avg_FP_LG_ACC, = 0
gpu_avg_FP_SIN_ACC, = 0
gpu_avg_FP_EXP_ACC, = 0
gpu_avg_DP_MUL_ACC, = 0
gpu_avg_DP_DIV_ACC, = 0
gpu_avg_TENSOR_ACC, = 0
gpu_avg_TEX_ACC, = 0
gpu_avg_MEM_RD, = 0
gpu_avg_MEM_WR, = 0
gpu_avg_MEM_PRE, = 0
gpu_avg_L2_RH, = 9.42857
gpu_avg_L2_RM, = 0
gpu_avg_L2_WH, = 1
gpu_avg_L2_WM, = 0
gpu_avg_NOC_A, = 20.2143
gpu_avg_PIPE_A, = 0.000289916
gpu_avg_IDLE_CORE_N, = 33.7146
gpu_avg_constant_power = 0
gpu_avg_threads_per_warp = 0
gpu_tot_TOT_INST, = 560
gpu_tot_FP_INT, = 0
gpu_tot_IC_H, = 208
gpu_tot_IC_M, = 72
gpu_tot_DC_RH, = 0
gpu_tot_DC_RM, = 96
gpu_tot_DC_WH, = 32
gpu_tot_DC_WM, = 0
gpu_tot_TC_H, = 0
gpu_tot_TC_M, = 0
gpu_tot_CC_H, = 0
gpu_tot_CC_M, = 0
gpu_tot_SHRD_ACC, = 176
gpu_tot_REG_RD, = 30208
gpu_tot_REG_WR, = 18432
gpu_tot_NON_REG_OPs, = 0
gpu_tot_INT_ACC, = 0
gpu_tot_FPU_ACC, = 0
gpu_tot_DPU_ACC, = 0
gpu_tot_INT_MUL24_ACC, = 0
gpu_tot_INT_MUL32_ACC, = 0
gpu_tot_INT_MUL_ACC, = 0
gpu_tot_INT_DIV_ACC, = 0
gpu_tot_FP_MUL_ACC, = 0
gpu_tot_FP_DIV_ACC, = 0
gpu_tot_FP_SQRT_ACC, = 0
gpu_tot_FP_LG_ACC, = 0
gpu_tot_FP_SIN_ACC, = 0
gpu_tot_FP_EXP_ACC, = 0
gpu_tot_DP_MUL_ACC, = 0
gpu_tot_DP_DIV_ACC, = 0
gpu_tot_TENSOR_ACC, = 0
gpu_tot_TEX_ACC, = 0
gpu_tot_MEM_RD, = 0
gpu_tot_MEM_WR, = 0
gpu_tot_MEM_PRE, = 0
gpu_tot_L2_RH, = 132
gpu_tot_L2_RM, = 0
gpu_tot_L2_WH, = 14
gpu_tot_L2_WM, = 0
gpu_tot_NOC_A, = 283
gpu_tot_PIPE_A, = 0.00405883
gpu_tot_IDLE_CORE_N, = 472.004
gpu_tot_constant_power = 0

Kernel Maximum Power Data:
kernel_max_power = 43.8403
gpu_max_IBP, = 0.00232426
gpu_max_DEBP, = 0.000290725
gpu_max_ICP, = 0.190678
gpu_max_DCP, = 0
gpu_max_TCP, = 0
gpu_max_CCP, = 0
gpu_max_SHRDP, = 0.097546
gpu_max_RFP, = 0.0778224
gpu_max_INTP, = 0
gpu_max_FPUP, = 0
gpu_max_DPUP, = 0
gpu_max_INT_MUL24P, = 0
gpu_max_INT_MUL32P, = 0
gpu_max_INT_MULP, = 0
gpu_max_INT_DIVP, = 0
gpu_max_FP_MULP, = 0
gpu_max_FP_DIVP, = 0
gpu_max_FP_SQRTP, = 0
gpu_max_FP_LGP, = 0
gpu_max_FP_SINP, = 0
gpu_max_FP_EXP, = 0
gpu_max_DP_MULP, = 0
gpu_max_DP_DIVP, = 0
gpu_max_TENSORP, = 0
gpu_max_TEXP, = 0
gpu_max_SCHEDP, = 0
gpu_max_L2CP, = 0.00957405
gpu_max_MCP, = 0.55022
gpu_max_NOCP, = 0.0399694
gpu_max_DRAMP, = 0
gpu_max_PIPEP, = 0.000503401
gpu_max_IDLE_COREP, = 9.33212
gpu_max_CONSTP = 32.3252
gpu_max_STATICP = 1.02338
gpu_max_TOT_INST, = 192
gpu_max_FP_INT, = 0
gpu_max_IC_H, = 72
gpu_max_IC_M, = 24
gpu_max_DC_RH, = 0
gpu_max_DC_RM, = 0
gpu_max_DC_WH, = 0
gpu_max_DC_WM, = 0
gpu_max_TC_H, = 0
gpu_max_TC_M, = 0
gpu_max_CC_H, = 0
gpu_max_CC_M, = 0
gpu_max_SHRD_ACC, = 135
gpu_max_REG_RD, = 9728
gpu_max_REG_WR, = 6208
gpu_max_NON_REG_OPs, = 0
gpu_max_INT_ACC, = 0
gpu_max_FPU_ACC, = 0
gpu_max_DPU_ACC, = 0
gpu_max_INT_MUL24_ACC, = 0
gpu_max_INT_MUL32_ACC, = 0
gpu_max_INT_MUL_ACC, = 0
gpu_max_INT_DIV_ACC, = 0
gpu_max_FP_MUL_ACC, = 0
gpu_max_FP_DIV_ACC, = 0
gpu_max_FP_SQRT_ACC, = 0
gpu_max_FP_LG_ACC, = 0
gpu_max_FP_SIN_ACC, = 0
gpu_max_FP_EXP_ACC, = 0
gpu_max_DP_MUL_ACC, = 0
gpu_max_DP_DIV_ACC, = 0
gpu_max_TENSOR_ACC, = 0
gpu_max_TEX_ACC, = 0
gpu_max_MEM_RD, = 0
gpu_max_MEM_WR, = 0
gpu_max_MEM_PRE, = 0
gpu_max_L2_RH, = 44
gpu_max_L2_RM, = 0
gpu_max_L2_WH, = 0
gpu_max_L2_WM, = 0
gpu_max_NOC_A, = 47
gpu_max_PIPE_A, = 0.00124265
gpu_max_IDLE_CORE_N, = 33
gpu_max_constant_power = 0

Kernel Minimum Power Data:
kernel_min_power = 42.4904
gpu_min_IBP, = 0
gpu_min_DEBP, = 0
gpu_min_ICP, = 0
gpu_min_DCP, = 0
gpu_min_TCP, = 0
gpu_min_CCP, = 0
gpu_min_SHRDP, = 0
gpu_min_RFP, = 0
gpu_min_INTP, = 0
gpu_min_FPUP, = 0
gpu_min_DPUP, = 0
gpu_min_INT_MUL24P, = 0
gpu_min_INT_MUL32P, = 0
gpu_min_INT_MULP, = 0
gpu_min_INT_DIVP, = 0
gpu_min_FP_MULP, = 0
gpu_min_FP_DIVP, = 0
gpu_min_FP_SQRTP, = 0
gpu_min_FP_LGP, = 0
gpu_min_FP_SINP, = 0
gpu_min_FP_EXP, = 0
gpu_min_DP_MULP, = 0
gpu_min_DP_DIVP, = 0
gpu_min_TENSORP, = 0
gpu_min_TEXP, = 0
gpu_min_SCHEDP, = 0
gpu_min_L2CP, = 0
gpu_min_MCP, = 0.55022
gpu_min_NOCP, = 0
gpu_min_DRAMP, = 0
gpu_min_PIPEP, = 0
gpu_min_IDLE_COREP, = 9.61492
gpu_min_CONSTP = 32.3252
gpu_min_STATICP = 0
gpu_min_TOT_INST, = 0
gpu_min_FP_INT, = 0
gpu_min_IC_H, = 0
gpu_min_IC_M, = 0
gpu_min_DC_RH, = 0
gpu_min_DC_RM, = 0
gpu_min_DC_WH, = 0
gpu_min_DC_WM, = 0
gpu_min_TC_H, = 0
gpu_min_TC_M, = 0
gpu_min_CC_H, = 0
gpu_min_CC_M, = 0
gpu_min_SHRD_ACC, = 0
gpu_min_REG_RD, = 0
gpu_min_REG_WR, = 0
gpu_min_NON_REG_OPs, = 0
gpu_min_INT_ACC, = 0
gpu_min_FPU_ACC, = 0
gpu_min_DPU_ACC, = 0
gpu_min_INT_MUL24_ACC, = 0
gpu_min_INT_MUL32_ACC, = 0
gpu_min_INT_MUL_ACC, = 0
gpu_min_INT_DIV_ACC, = 0
gpu_min_FP_MUL_ACC, = 0
gpu_min_FP_DIV_ACC, = 0
gpu_min_FP_SQRT_ACC, = 0
gpu_min_FP_LG_ACC, = 0
gpu_min_FP_SIN_ACC, = 0
gpu_min_FP_EXP_ACC, = 0
gpu_min_DP_MUL_ACC, = 0
gpu_min_DP_DIV_ACC, = 0
gpu_min_TENSOR_ACC, = 0
gpu_min_TEX_ACC, = 0
gpu_min_MEM_RD, = 0
gpu_min_MEM_WR, = 0
gpu_min_MEM_PRE, = 0
gpu_min_L2_RH, = 0
gpu_min_L2_RM, = 0
gpu_min_L2_WH, = 0
gpu_min_L2_WM, = 0
gpu_min_NOC_A, = 0
gpu_min_PIPE_A, = 0
gpu_min_IDLE_CORE_N, = 34
gpu_min_constant_power = 0

Accumulative Power Statistics Over Previous Kernels:
gpu_tot_avg_power = 43.6582
gpu_tot_max_power = 55.3804
gpu_tot_min_power = 42.4904


kernel_name = _Z12lud_diagonalPfii 
kernel_launch_uid = 10 

Kernel Average Power Data:
kernel_avg_power = 43.2315
gpu_avg_IBP, = 0.000937439
gpu_avg_DEBP, = 3.29587e-05
gpu_avg_ICP, = 0.0333237
gpu_avg_DCP, = 0.00346324
gpu_avg_TCP, = 0
gpu_avg_CCP, = 0
gpu_avg_SHRDP, = 0.0192898
gpu_avg_RFP, = 0.0253627
gpu_avg_INTP, = 0
gpu_avg_FPUP, = 0
gpu_avg_DPUP, = 0
gpu_avg_INT_MUL24P, = 0
gpu_avg_INT_MUL32P, = 0
gpu_avg_INT_MULP, = 0
gpu_avg_INT_DIVP, = 0
gpu_avg_FP_MULP, = 0
gpu_avg_FP_DIVP, = 0
gpu_avg_FP_SQRTP, = 0
gpu_avg_FP_LGP, = 0
gpu_avg_FP_SINP, = 0
gpu_avg_FP_EXP, = 0
gpu_avg_DP_MULP, = 0
gpu_avg_DP_DIVP, = 0
gpu_avg_TENSORP, = 0
gpu_avg_TEXP, = 0
gpu_avg_SCHEDP, = 0
gpu_avg_L2CP, = 0.00443784
gpu_avg_MCP, = 0.551671
gpu_avg_NOCP, = 0.0112072
gpu_avg_DRAMP, = 0
gpu_avg_PIPEP, = 2.82993e-05
gpu_avg_IDLE_COREP, = 9.38264
gpu_avg_CONSTP = 32.3252
gpu_avg_STATICP = 0.84056
gpu_avg_TOT_INST, = 79.1607
gpu_avg_FP_INT, = 0
gpu_avg_IC_H, = 38.9286
gpu_avg_IC_M, = 0.660714
gpu_avg_DC_RH, = 0
gpu_avg_DC_RM, = 0.571429
gpu_avg_DC_WH, = 0.535714
gpu_avg_DC_WM, = 3.625
gpu_avg_TC_H, = 0
gpu_avg_TC_M, = 0
gpu_avg_CC_H, = 0
gpu_avg_CC_M, = 0
gpu_avg_SHRD_ACC, = 26.6964
gpu_avg_REG_RD, = 3711.43
gpu_avg_REG_WR, = 1433.14
gpu_avg_NON_REG_OPs, = 0
gpu_avg_INT_ACC, = 0
gpu_avg_FPU_ACC, = 0
gpu_avg_DPU_ACC, = 0
gpu_avg_INT_MUL24_ACC, = 0
gpu_avg_INT_MUL32_ACC, = 0
gpu_avg_INT_MUL_ACC, = 0
gpu_avg_INT_DIV_ACC, = 0
gpu_avg_FP_MUL_ACC, = 0
gpu_avg_FP_DIV_ACC, = 0
gpu_avg_FP_SQRT_ACC, = 0
gpu_avg_FP_LG_ACC, = 0
gpu_avg_FP_SIN_ACC, = 0
gpu_avg_FP_EXP_ACC, = 0
gpu_avg_DP_MUL_ACC, = 0
gpu_avg_DP_DIV_ACC, = 0
gpu_avg_TENSOR_ACC, = 0
gpu_avg_TEX_ACC, = 0
gpu_avg_MEM_RD, = 0
gpu_avg_MEM_WR, = 0
gpu_avg_MEM_PRE, = 0
gpu_avg_L2_RH, = 3.21429
gpu_avg_L2_RM, = 0
gpu_avg_L2_WH, = 4.58929
gpu_avg_L2_WM, = 0
gpu_avg_NOC_A, = 13.1786
gpu_avg_PIPE_A, = 6.9857e-05
gpu_avg_IDLE_CORE_N, = 33.1786
gpu_avg_constant_power = 0
gpu_avg_threads_per_warp = 0
gpu_tot_TOT_INST, = 4433
gpu_tot_FP_INT, = 0
gpu_tot_IC_H, = 2180
gpu_tot_IC_M, = 37
gpu_tot_DC_RH, = 0
gpu_tot_DC_RM, = 32
gpu_tot_DC_WH, = 30
gpu_tot_DC_WM, = 203
gpu_tot_TC_H, = 0
gpu_tot_TC_M, = 0
gpu_tot_CC_H, = 0
gpu_tot_CC_M, = 0
gpu_tot_SHRD_ACC, = 1495
gpu_tot_REG_RD, = 207840
gpu_tot_REG_WR, = 80256
gpu_tot_NON_REG_OPs, = 0
gpu_tot_INT_ACC, = 0
gpu_tot_FPU_ACC, = 0
gpu_tot_DPU_ACC, = 0
gpu_tot_INT_MUL24_ACC, = 0
gpu_tot_INT_MUL32_ACC, = 0
gpu_tot_INT_MUL_ACC, = 0
gpu_tot_INT_DIV_ACC, = 0
gpu_tot_FP_MUL_ACC, = 0
gpu_tot_FP_DIV_ACC, = 0
gpu_tot_FP_SQRT_ACC, = 0
gpu_tot_FP_LG_ACC, = 0
gpu_tot_FP_SIN_ACC, = 0
gpu_tot_FP_EXP_ACC, = 0
gpu_tot_DP_MUL_ACC, = 0
gpu_tot_DP_DIV_ACC, = 0
gpu_tot_TENSOR_ACC, = 0
gpu_tot_TEX_ACC, = 0
gpu_tot_MEM_RD, = 0
gpu_tot_MEM_WR, = 0
gpu_tot_MEM_PRE, = 0
gpu_tot_L2_RH, = 180
gpu_tot_L2_RM, = 0
gpu_tot_L2_WH, = 257
gpu_tot_L2_WM, = 0
gpu_tot_NOC_A, = 738
gpu_tot_PIPE_A, = 0.00391199
gpu_tot_IDLE_CORE_N, = 1858
gpu_tot_constant_power = 0

Kernel Maximum Power Data:
kernel_max_power = 43.4815
gpu_max_IBP, = 0.00166606
gpu_max_DEBP, = 9.24457e-05
gpu_max_ICP, = 0.05775
gpu_max_DCP, = 0.0121317
gpu_max_TCP, = 0
gpu_max_CCP, = 0
gpu_max_SHRDP, = 0.0267348
gpu_max_RFP, = 0.0510908
gpu_max_INTP, = 0
gpu_max_FPUP, = 0
gpu_max_DPUP, = 0
gpu_max_INT_MUL24P, = 0
gpu_max_INT_MUL32P, = 0
gpu_max_INT_MULP, = 0
gpu_max_INT_DIVP, = 0
gpu_max_FP_MULP, = 0
gpu_max_FP_DIVP, = 0
gpu_max_FP_SQRTP, = 0
gpu_max_FP_LGP, = 0
gpu_max_FP_SINP, = 0
gpu_max_FP_EXP, = 0
gpu_max_DP_MULP, = 0
gpu_max_DP_DIVP, = 0
gpu_max_TENSORP, = 0
gpu_max_TEXP, = 0
gpu_max_SCHEDP, = 0
gpu_max_L2CP, = 0.012219
gpu_max_MCP, = 0.555775
gpu_max_NOCP, = 0.0255124
gpu_max_DRAMP, = 0
gpu_max_PIPEP, = 2.82046e-05
gpu_max_IDLE_COREP, = 9.33212
gpu_max_CONSTP = 32.3252
gpu_max_STATICP = 1.02338
gpu_max_TOT_INST, = 152
gpu_max_FP_INT, = 0
gpu_max_IC_H, = 76
gpu_max_IC_M, = 0
gpu_max_DC_RH, = 0
gpu_max_DC_RM, = 0
gpu_max_DC_WH, = 0
gpu_max_DC_WM, = 15
gpu_max_TC_H, = 0
gpu_max_TC_M, = 0
gpu_max_CC_H, = 0
gpu_max_CC_M, = 0
gpu_max_SHRD_ACC, = 37
gpu_max_REG_RD, = 7424
gpu_max_REG_WR, = 2944
gpu_max_NON_REG_OPs, = 0
gpu_max_INT_ACC, = 0
gpu_max_FPU_ACC, = 0
gpu_max_DPU_ACC, = 0
gpu_max_INT_MUL24_ACC, = 0
gpu_max_INT_MUL32_ACC, = 0
gpu_max_INT_MUL_ACC, = 0
gpu_max_INT_DIV_ACC, = 0
gpu_max_FP_MUL_ACC, = 0
gpu_max_FP_DIV_ACC, = 0
gpu_max_FP_SQRT_ACC, = 0
gpu_max_FP_LG_ACC, = 0
gpu_max_FP_SIN_ACC, = 0
gpu_max_FP_EXP_ACC, = 0
gpu_max_DP_MUL_ACC, = 0
gpu_max_DP_DIV_ACC, = 0
gpu_max_TENSOR_ACC, = 0
gpu_max_TEX_ACC, = 0
gpu_max_MEM_RD, = 0
gpu_max_MEM_WR, = 0
gpu_max_MEM_PRE, = 0
gpu_max_L2_RH, = 0
gpu_max_L2_RM, = 0
gpu_max_L2_WH, = 15
gpu_max_L2_WM, = 0
gpu_max_NOC_A, = 30
gpu_max_PIPE_A, = 6.96232e-05
gpu_max_IDLE_CORE_N, = 33
gpu_max_constant_power = 0

Kernel Minimum Power Data:
kernel_min_power = 42.4904
gpu_min_IBP, = 0
gpu_min_DEBP, = 0
gpu_min_ICP, = 0
gpu_min_DCP, = 0
gpu_min_TCP, = 0
gpu_min_CCP, = 0
gpu_min_SHRDP, = 0
gpu_min_RFP, = 0
gpu_min_INTP, = 0
gpu_min_FPUP, = 0
gpu_min_DPUP, = 0
gpu_min_INT_MUL24P, = 0
gpu_min_INT_MUL32P, = 0
gpu_min_INT_MULP, = 0
gpu_min_INT_DIVP, = 0
gpu_min_FP_MULP, = 0
gpu_min_FP_DIVP, = 0
gpu_min_FP_SQRTP, = 0
gpu_min_FP_LGP, = 0
gpu_min_FP_SINP, = 0
gpu_min_FP_EXP, = 0
gpu_min_DP_MULP, = 0
gpu_min_DP_DIVP, = 0
gpu_min_TENSORP, = 0
gpu_min_TEXP, = 0
gpu_min_SCHEDP, = 0
gpu_min_L2CP, = 0
gpu_min_MCP, = 0.55022
gpu_min_NOCP, = 0
gpu_min_DRAMP, = 0
gpu_min_PIPEP, = 0
gpu_min_IDLE_COREP, = 9.61492
gpu_min_CONSTP = 32.3252
gpu_min_STATICP = 0
gpu_min_TOT_INST, = 0
gpu_min_FP_INT, = 0
gpu_min_IC_H, = 0
gpu_min_IC_M, = 0
gpu_min_DC_RH, = 0
gpu_min_DC_RM, = 0
gpu_min_DC_WH, = 0
gpu_min_DC_WM, = 0
gpu_min_TC_H, = 0
gpu_min_TC_M, = 0
gpu_min_CC_H, = 0
gpu_min_CC_M, = 0
gpu_min_SHRD_ACC, = 0
gpu_min_REG_RD, = 0
gpu_min_REG_WR, = 0
gpu_min_NON_REG_OPs, = 0
gpu_min_INT_ACC, = 0
gpu_min_FPU_ACC, = 0
gpu_min_DPU_ACC, = 0
gpu_min_INT_MUL24_ACC, = 0
gpu_min_INT_MUL32_ACC, = 0
gpu_min_INT_MUL_ACC, = 0
gpu_min_INT_DIV_ACC, = 0
gpu_min_FP_MUL_ACC, = 0
gpu_min_FP_DIV_ACC, = 0
gpu_min_FP_SQRT_ACC, = 0
gpu_min_FP_LG_ACC, = 0
gpu_min_FP_SIN_ACC, = 0
gpu_min_FP_EXP_ACC, = 0
gpu_min_DP_MUL_ACC, = 0
gpu_min_DP_DIV_ACC, = 0
gpu_min_TENSOR_ACC, = 0
gpu_min_TEX_ACC, = 0
gpu_min_MEM_RD, = 0
gpu_min_MEM_WR, = 0
gpu_min_MEM_PRE, = 0
gpu_min_L2_RH, = 0
gpu_min_L2_RM, = 0
gpu_min_L2_WH, = 0
gpu_min_L2_WM, = 0
gpu_min_NOC_A, = 0
gpu_min_PIPE_A, = 0
gpu_min_IDLE_CORE_N, = 34
gpu_min_constant_power = 0

Accumulative Power Statistics Over Previous Kernels:
gpu_tot_avg_power = 43.607
gpu_tot_max_power = 55.3804
gpu_tot_min_power = 42.4904


